Log file open, 01/26/19 12:26:34
LogWindows: Failed to load 'aqProf.dll' (GetLastError=126)
LogWindows: File 'aqProf.dll' does not exist
LogWindows: Failed to load 'VtuneApi.dll' (GetLastError=126)
LogWindows: File 'VtuneApi.dll' does not exist
LogWindows: Failed to load 'VtuneApi32e.dll' (GetLastError=126)
LogWindows: File 'VtuneApi32e.dll' does not exist
LogConsoleResponse: Display: Failed to find resolution value strings in scalability ini. Falling back to default.
LogInit: Display: Running engine for game: HouseHunter
LogPakFile: Registered encryption key '00000000000000000000000000000000': 0 pak files mounted, 0 remain pending
LogPlatformFile: Not using cached read wrapper
LogTaskGraph: Started task graph with 5 named threads and 23 total threads with 3 sets of task threads.
LogStats: Stats thread started at 0.295851
LogD3D11RHI: Loaded GFSDK_Aftermath_Lib.x64.dll
LogICUInternationalization: ICU TimeZone Detection - Raw Offset: -5:00, Platform Override: ''
LogPluginManager: Mounting plugin Paper2D
LogPluginManager: Mounting plugin AISupport
LogPluginManager: Mounting plugin LightPropagationVolume
LogPluginManager: Mounting plugin ActorLayerUtilities
LogPluginManager: Mounting plugin CLionSourceCodeAccess
LogPluginManager: Mounting plugin CodeLiteSourceCodeAccess
LogPluginManager: Mounting plugin GitSourceControl
LogPluginManager: Mounting plugin KDevelopSourceCodeAccess
LogPluginManager: Mounting plugin NullSourceCodeAccess
LogPluginManager: Mounting plugin PerforceSourceControl
LogPluginManager: Mounting plugin SubversionSourceControl
LogPluginManager: Mounting plugin UObjectPlugin
LogPluginManager: Mounting plugin VisualStudioCodeSourceCodeAccess
LogPluginManager: Mounting plugin VisualStudioSourceCodeAccess
LogPluginManager: Mounting plugin XCodeSourceCodeAccess
LogPluginManager: Mounting plugin AssetManagerEditor
LogPluginManager: Mounting plugin CryptoKeys
LogPluginManager: Mounting plugin DataValidation
LogPluginManager: Mounting plugin FacialAnimation
LogPluginManager: Mounting plugin GameplayTagsEditor
LogPluginManager: Mounting plugin MacGraphicsSwitching
LogPluginManager: Mounting plugin MeshEditor
LogPluginManager: Mounting plugin MobileLauncherProfileWizard
LogPluginManager: Mounting plugin PluginBrowser
LogPluginManager: Mounting plugin SpeedTreeImporter
LogPluginManager: Mounting plugin DatasmithContent
LogPluginManager: Mounting plugin VariantManagerContent
LogPluginManager: Mounting plugin AlembicImporter
LogPluginManager: Mounting plugin AppleImageUtils
LogPluginManager: Mounting plugin AppleVision
LogPluginManager: Mounting plugin BackChannel
LogPluginManager: Mounting plugin CharacterAI
LogPluginManager: Mounting plugin GeometryCache
LogPluginManager: Mounting plugin HTML5Networking
LogPluginManager: Mounting plugin ProxyLODPlugin
LogPluginManager: Mounting plugin MagicLeap
LogPluginManager: Mounting plugin MagicLeapMedia
LogPluginManager: Mounting plugin AndroidMedia
LogPluginManager: Mounting plugin AvfMedia
LogPluginManager: Mounting plugin ImgMedia
LogPluginManager: Mounting plugin LinearTimecode
LogPluginManager: Mounting plugin MediaCompositing
LogPluginManager: Mounting plugin MediaPlayerEditor
LogPluginManager: Mounting plugin WebMMedia
LogPluginManager: Mounting plugin WmfMedia
LogPluginManager: Mounting plugin TcpMessaging
LogPluginManager: Mounting plugin UdpMessaging
LogPluginManager: Mounting plugin ActorSequence
LogPluginManager: Mounting plugin LevelSequenceEditor
LogPluginManager: Mounting plugin MatineeToLevelSequence
LogPluginManager: Mounting plugin NetcodeUnitTest
LogPluginManager: Mounting plugin NUTUnrealEngine4
LogPluginManager: Mounting plugin OnlineSubsystemGooglePlay
LogPluginManager: Mounting plugin OnlineSubsystemIOS
LogPluginManager: Mounting plugin OnlineSubsystem
LogPluginManager: Mounting plugin OnlineSubsystemNull
LogPluginManager: Mounting plugin OnlineSubsystemUtils
LogPluginManager: Mounting plugin LauncherChunkInstaller
LogPluginManager: Mounting plugin AndroidDeviceProfileSelector
LogPluginManager: Mounting plugin AndroidMoviePlayer
LogPluginManager: Mounting plugin AndroidPermission
LogPluginManager: Mounting plugin AppleMoviePlayer
LogPluginManager: Mounting plugin ArchVisCharacter
LogPluginManager: Mounting plugin AudioCapture
LogPluginManager: Mounting plugin CableComponent
LogPluginManager: Mounting plugin CustomMeshComponent
LogPluginManager: Mounting plugin EditableMesh
LogPluginManager: Mounting plugin ExampleDeviceProfileSelector
LogPluginManager: Mounting plugin Firebase
LogPluginManager: Mounting plugin GoogleCloudMessaging
LogPluginManager: Mounting plugin IOSDeviceProfileSelector
LogPluginManager: Mounting plugin LinuxDeviceProfileSelector
LogPluginManager: Mounting plugin LocationServicesBPLibrary
LogPluginManager: Mounting plugin MobilePatchingUtils
LogPluginManager: Mounting plugin OculusVR
LogPluginManager: Mounting plugin PhysXVehicles
LogPluginManager: Mounting plugin ProceduralMeshComponent
LogPluginManager: Mounting plugin RuntimePhysXCooking
LogPluginManager: Mounting plugin SteamVR
LogPluginManager: Mounting plugin WebMMoviePlayer
LogPluginManager: Mounting plugin WindowsMoviePlayer
LogStreaming: Display: Took  0.078s to configure plugins.
LogInit: Using libcurl 7.55.1-DEV
LogInit:  - built for x86_64-pc-win32
LogInit:  - supports SSL with OpenSSL/1.0.2h
LogInit:  - supports HTTP deflate (compression) using libz 1.2.8
LogInit:  - other features:
LogInit:      CURL_VERSION_SSL
LogInit:      CURL_VERSION_LIBZ
LogInit:      CURL_VERSION_IPV6
LogInit:      CURL_VERSION_ASYNCHDNS
LogInit:      CURL_VERSION_LARGEFILE
LogInit:      CURL_VERSION_IDN
LogInit:  CurlRequestOptions (configurable via config and command line):
LogInit:  - bVerifyPeer = true  - Libcurl will verify peer certificate
LogInit:  - bUseHttpProxy = false  - Libcurl will NOT use HTTP proxy
LogInit:  - bDontReuseConnections = false  - Libcurl will reuse connections
LogInit:  - MaxHostConnections = 16  - Libcurl will limit the number of connections to a host
LogInit:  - LocalHostAddr = Default
LogInit:  - BufferSize = 65536
LogInit: WinSock: version 1.1 (2.2), MaxSocks=32767, MaxUdp=65467
LogInit: Build: ++UE4+Release-4.21-CL-4753647
LogInit: Engine Version: 4.21.2-4753647+++UE4+Release-4.21
LogInit: Compatible Engine Version: 4.21.0-4541578+++UE4+Release-4.21
LogInit: Net CL: 4541578
LogInit: OS: Windows 10 (), CPU: Intel(R) Core(TM) i7-7820HK CPU @ 2.90GHz, GPU: NVIDIA GeForce GTX 1070
LogInit: Compiled (64-bit): Jan 19 2019 02:07:31
LogInit: Compiled with Visual C++: 19.13.26129.00
LogInit: Build Configuration: Development
LogInit: Branch Name: ++UE4+Release-4.21
LogInit: Command Line: 
LogInit: Base Directory: C:/Program Files/Epic Games/UE_4.21/Engine/Binaries/Win64/
LogInit: Installed Engine Build: 1
LogDevObjectVersion: Number of dev versions registered: 22
LogDevObjectVersion:   Dev-Blueprints (B0D832E4-1F89-4F0D-ACCF-7EB736FD4AA2): 10
LogDevObjectVersion:   Dev-Build (E1C64328-A22C-4D53-A36C-8E866417BD8C): 0
LogDevObjectVersion:   Dev-Core (375EC13C-06E4-48FB-B500-84F0262A717E): 2
LogDevObjectVersion:   Dev-Editor (E4B068ED-F494-42E9-A231-DA0B2E46BB41): 26
LogDevObjectVersion:   Dev-Framework (CFFC743F-43B0-4480-9391-14DF171D2073): 34
LogDevObjectVersion:   Dev-Mobile (B02B49B5-BB20-44E9-A304-32B752E40360): 2
LogDevObjectVersion:   Dev-Networking (A4E4105C-59A1-49B5-A7C5-40C4547EDFEE): 0
LogDevObjectVersion:   Dev-Online (39C831C9-5AE6-47DC-9A44-9C173E1C8E7C): 0
LogDevObjectVersion:   Dev-Physics (78F01B33-EBEA-4F98-B9B4-84EACCB95AA2): 0
LogDevObjectVersion:   Dev-Platform (6631380F-2D4D-43E0-8009-CF276956A95A): 0
LogDevObjectVersion:   Dev-Rendering (12F88B9F-8875-4AFC-A67C-D90C383ABD29): 27
LogDevObjectVersion:   Dev-Sequencer (7B5AE74C-D270-4C10-A958-57980B212A5A): 9
LogDevObjectVersion:   Dev-VR (D7296918-1DD6-4BDD-9DE2-64A83CC13884): 2
LogDevObjectVersion:   Dev-LoadTimes (C2A15278-BFE7-4AFE-6C17-90FF531DF755): 1
LogDevObjectVersion:   Private-Geometry (6EACA3D4-40EC-4CC1-B786-8BED09428FC5): 3
LogDevObjectVersion:   Dev-AnimPhys (29E575DD-E0A3-4627-9D10-D276232CDCEA): 17
LogDevObjectVersion:   Dev-Anim (AF43A65D-7FD3-4947-9873-3E8ED9C1BB05): 2
LogDevObjectVersion:   Dev-ReflectionCapture (6B266CEC-1EC7-4B8F-A30B-E4D90942FC07): 1
LogDevObjectVersion:   Dev-Automation (0DF73D61-A23F-47EA-B727-89E90C41499A): 1
LogDevObjectVersion:   FortniteMain (601D1886-AC64-4F84-AA16-D3DE0DEAC7D6): 17
LogDevObjectVersion:   Dev-Enterprise (9DFFBCD6-494F-0158-E221-12823C92A888): 4
LogDevObjectVersion:   Dev-Niagara (F2AED0AC-9AFE-416F-8664-AA7FFA26D6FC): 1
LogStreaming: Display: Took  0.001s to delete old logs.
LogInit: Presizing for max 8388607 objects, including 0 objects not considered by GC, pre-allocating 0 bytes for permanent pool.
LogInit: Object subsystem initialized
LogConfig: Setting CVar [[con.DebugEarlyDefault:1]]
LogConfig: Setting CVar [[r.setres:1280x720]]
[2019.01.26-17.12.03:992][  0]LogConfig: Setting CVar [[r.VSync:0]]
[2019.01.26-17.12.03:992][  0]LogConfig: Setting CVar [[r.RHICmdBypass:0]]
[2019.01.26-17.12.03:992][  0]LogConfig: Applying CVar settings from Section [/Script/Engine.RendererSettings] File [C:/Users/Sound/Documents/Unreal Projects/house-hunter/HouseHunter/Saved/Config/Windows/Engine.ini]
[2019.01.26-17.12.03:992][  0]LogConfig: Setting CVar [[r.GPUCrashDebugging:0]]
[2019.01.26-17.12.03:992][  0]LogConfig: Applying CVar settings from Section [/Script/Engine.RendererOverrideSettings] File [C:/Users/Sound/Documents/Unreal Projects/house-hunter/HouseHunter/Saved/Config/Windows/Engine.ini]
[2019.01.26-17.12.03:992][  0]LogConfig: Applying CVar settings from Section [/Script/Engine.StreamingSettings] File [C:/Users/Sound/Documents/Unreal Projects/house-hunter/HouseHunter/Saved/Config/Windows/Engine.ini]
[2019.01.26-17.12.03:992][  0]LogConfig: Setting CVar [[s.MinBulkDataSizeForAsyncLoading:131072]]
[2019.01.26-17.12.03:993][  0]LogConfig: Setting CVar [[s.AsyncLoadingThreadEnabled:0]]
[2019.01.26-17.12.03:993][  0]LogConfig: Setting CVar [[s.EventDrivenLoaderEnabled:1]]
[2019.01.26-17.12.03:993][  0]LogConfig: Setting CVar [[s.WarnIfTimeLimitExceeded:0]]
[2019.01.26-17.12.03:993][  0]LogConfig: Setting CVar [[s.TimeLimitExceededMultiplier:1.5]]
[2019.01.26-17.12.03:993][  0]LogConfig: Setting CVar [[s.TimeLimitExceededMinTime:0.005]]
[2019.01.26-17.12.03:993][  0]LogConfig: Setting CVar [[s.UseBackgroundLevelStreaming:1]]
[2019.01.26-17.12.03:993][  0]LogConfig: Setting CVar [[s.PriorityAsyncLoadingExtraTime:15.0]]
[2019.01.26-17.12.03:993][  0]LogConfig: Setting CVar [[s.LevelStreamingActorsUpdateTimeLimit:5.0]]
[2019.01.26-17.12.03:993][  0]LogConfig: Setting CVar [[s.PriorityLevelStreamingActorsUpdateExtraTime:5.0]]
[2019.01.26-17.12.03:993][  0]LogConfig: Setting CVar [[s.LevelStreamingComponentsRegistrationGranularity:10]]
[2019.01.26-17.12.03:993][  0]LogConfig: Setting CVar [[s.UnregisterComponentsTimeLimit:1.0]]
[2019.01.26-17.12.03:993][  0]LogConfig: Setting CVar [[s.LevelStreamingComponentsUnregistrationGranularity:5]]
[2019.01.26-17.12.03:993][  0]LogConfig: Applying CVar settings from Section [/Script/Engine.GarbageCollectionSettings] File [C:/Users/Sound/Documents/Unreal Projects/house-hunter/HouseHunter/Saved/Config/Windows/Engine.ini]
[2019.01.26-17.12.03:993][  0]LogConfig: Setting CVar [[gc.MaxObjectsNotConsideredByGC:1]]
[2019.01.26-17.12.03:993][  0]LogConfig: Setting CVar [[gc.SizeOfPermanentObjectPool:0]]
[2019.01.26-17.12.03:993][  0]LogConfig: Setting CVar [[gc.FlushStreamingOnGC:0]]
[2019.01.26-17.12.03:993][  0]LogConfig: Setting CVar [[gc.NumRetriesBeforeForcingGC:10]]
[2019.01.26-17.12.03:993][  0]LogConfig: Setting CVar [[gc.AllowParallelGC:1]]
[2019.01.26-17.12.03:993][  0]LogConfig: Setting CVar [[gc.TimeBetweenPurgingPendingKillObjects:61.1]]
[2019.01.26-17.12.03:993][  0]LogConfig: Setting CVar [[gc.MaxObjectsInEditor:8388607]]
[2019.01.26-17.12.03:993][  0]LogConfig: Setting CVar [[gc.IncrementalBeginDestroyEnabled:1]]
[2019.01.26-17.12.03:993][  0]LogConfig: Setting CVar [[gc.CreateGCClusters:1]]
[2019.01.26-17.12.03:993][  0]LogConfig: Setting CVar [[gc.MergeGCClusters:0]]
[2019.01.26-17.12.03:993][  0]LogConfig: Setting CVar [[gc.MinGCClusterSize:5]]
[2019.01.26-17.12.03:993][  0]LogConfig: Setting CVar [[gc.ActorClusteringEnabled:0]]
[2019.01.26-17.12.03:993][  0]LogConfig: Setting CVar [[gc.BlueprintClusteringEnabled:0]]
[2019.01.26-17.12.03:993][  0]LogConfig: Setting CVar [[gc.UseDisregardForGCOnDedicatedServers:0]]
[2019.01.26-17.12.03:993][  0]LogConfig: Applying CVar settings from Section [/Script/Engine.NetworkSettings] File [C:/Users/Sound/Documents/Unreal Projects/house-hunter/HouseHunter/Saved/Config/Windows/Engine.ini]
[2019.01.26-17.12.03:993][  0]LogConfig: Applying CVar settings from Section [/Script/UnrealEd.CookerSettings] File [C:/Users/Sound/Documents/Unreal Projects/house-hunter/HouseHunter/Saved/Config/Windows/Engine.ini]
[2019.01.26-17.12.03:995][  0]LogConfig: Applying CVar settings from Section [ViewDistanceQuality@3] File [C:/Users/Sound/Documents/Unreal Projects/house-hunter/HouseHunter/Saved/Config/Windows/Scalability.ini]
[2019.01.26-17.12.03:995][  0]LogConfig: Setting CVar [[r.SkeletalMeshLODBias:0]]
[2019.01.26-17.12.03:995][  0]LogConfig: Setting CVar [[r.ViewDistanceScale:1.0]]
[2019.01.26-17.12.03:996][  0]LogConfig: Applying CVar settings from Section [AntiAliasingQuality@3] File [C:/Users/Sound/Documents/Unreal Projects/house-hunter/HouseHunter/Saved/Config/Windows/Scalability.ini]
[2019.01.26-17.12.03:996][  0]LogConfig: Setting CVar [[r.PostProcessAAQuality:4]]
[2019.01.26-17.12.03:996][  0]LogConfig: Applying CVar settings from Section [ShadowQuality@3] File [C:/Users/Sound/Documents/Unreal Projects/house-hunter/HouseHunter/Saved/Config/Windows/Scalability.ini]
[2019.01.26-17.12.03:996][  0]LogConfig: Setting CVar [[r.LightFunctionQuality:1]]
[2019.01.26-17.12.03:996][  0]LogConfig: Setting CVar [[r.ShadowQuality:5]]
[2019.01.26-17.12.03:996][  0]LogConfig: Setting CVar [[r.Shadow.CSM.MaxCascades:10]]
[2019.01.26-17.12.03:996][  0]LogConfig: Setting CVar [[r.Shadow.MaxResolution:2048]]
[2019.01.26-17.12.03:996][  0]LogConfig: Setting CVar [[r.Shadow.MaxCSMResolution:2048]]
[2019.01.26-17.12.03:996][  0]LogConfig: Setting CVar [[r.Shadow.RadiusThreshold:0.01]]
[2019.01.26-17.12.03:996][  0]LogConfig: Setting CVar [[r.Shadow.DistanceScale:1.0]]
[2019.01.26-17.12.03:996][  0]LogConfig: Setting CVar [[r.Shadow.CSM.TransitionScale:1.0]]
[2019.01.26-17.12.03:996][  0]LogConfig: Setting CVar [[r.Shadow.PreShadowResolutionFactor:1.0]]
[2019.01.26-17.12.03:996][  0]LogConfig: Setting CVar [[r.DistanceFieldShadowing:1]]
[2019.01.26-17.12.03:996][  0]LogConfig: Setting CVar [[r.DistanceFieldAO:1]]
[2019.01.26-17.12.03:996][  0]LogConfig: Setting CVar [[r.AOQuality:2]]
[2019.01.26-17.12.03:996][  0]LogConfig: Setting CVar [[r.VolumetricFog:1]]
[2019.01.26-17.12.03:996][  0]LogConfig: Setting CVar [[r.VolumetricFog.GridPixelSize:8]]
[2019.01.26-17.12.03:996][  0]LogConfig: Setting CVar [[r.VolumetricFog.GridSizeZ:128]]
[2019.01.26-17.12.03:996][  0]LogConfig: Setting CVar [[r.VolumetricFog.HistoryMissSupersampleCount:4]]
[2019.01.26-17.12.03:996][  0]LogConfig: Setting CVar [[r.LightMaxDrawDistanceScale:1]]
[2019.01.26-17.12.03:996][  0]LogConfig: Setting CVar [[r.CapsuleShadows:1]]
[2019.01.26-17.12.03:996][  0]LogConfig: Applying CVar settings from Section [PostProcessQuality@3] File [C:/Users/Sound/Documents/Unreal Projects/house-hunter/HouseHunter/Saved/Config/Windows/Scalability.ini]
[2019.01.26-17.12.03:996][  0]LogConfig: Setting CVar [[r.MotionBlurQuality:4]]
[2019.01.26-17.12.03:996][  0]LogConfig: Setting CVar [[r.AmbientOcclusionMipLevelFactor:0.4]]
[2019.01.26-17.12.03:996][  0]LogConfig: Setting CVar [[r.AmbientOcclusionMaxQuality:100]]
[2019.01.26-17.12.03:996][  0]LogConfig: Setting CVar [[r.AmbientOcclusionLevels:-1]]
[2019.01.26-17.12.03:996][  0]LogConfig: Setting CVar [[r.AmbientOcclusionRadiusScale:1.0]]
[2019.01.26-17.12.03:996][  0]LogConfig: Setting CVar [[r.DepthOfFieldQuality:2]]
[2019.01.26-17.12.03:996][  0]LogConfig: Setting CVar [[r.RenderTargetPoolMin:400]]
[2019.01.26-17.12.03:996][  0]LogConfig: Setting CVar [[r.LensFlareQuality:2]]
[2019.01.26-17.12.03:996][  0]LogConfig: Setting CVar [[r.SceneColorFringeQuality:1]]
[2019.01.26-17.12.03:996][  0]LogConfig: Setting CVar [[r.EyeAdaptationQuality:2]]
[2019.01.26-17.12.03:996][  0]LogConfig: Setting CVar [[r.BloomQuality:5]]
[2019.01.26-17.12.03:996][  0]LogConfig: Setting CVar [[r.FastBlurThreshold:100]]
[2019.01.26-17.12.03:996][  0]LogConfig: Setting CVar [[r.Upscale.Quality:3]]
[2019.01.26-17.12.03:996][  0]LogConfig: Setting CVar [[r.Tonemapper.GrainQuantization:1]]
[2019.01.26-17.12.03:996][  0]LogConfig: Setting CVar [[r.LightShaftQuality:1]]
[2019.01.26-17.12.03:996][  0]LogConfig: Setting CVar [[r.Filter.SizeScale:1]]
[2019.01.26-17.12.03:996][  0]LogConfig: Setting CVar [[r.Tonemapper.Quality:5]]
[2019.01.26-17.12.03:996][  0]LogConfig: Setting CVar [[r.DOF.Gather.AccumulatorQuality:1        ; higher gathering accumulator quality]]
[2019.01.26-17.12.03:996][  0]LogConfig: Setting CVar [[r.DOF.Gather.PostfilterMethod:1          ; Median3x3 postfilering method]]
[2019.01.26-17.12.03:996][  0]LogConfig: Setting CVar [[r.DOF.Gather.EnableBokehSettings:0       ; no bokeh simulation when gathering]]
[2019.01.26-17.12.03:996][  0]LogConfig: Setting CVar [[r.DOF.Gather.RingCount:4                 ; medium number of samples when gathering]]
[2019.01.26-17.12.03:996][  0]LogConfig: Setting CVar [[r.DOF.Scatter.ForegroundCompositing:1    ; additive foreground scattering]]
[2019.01.26-17.12.03:996][  0]LogConfig: Setting CVar [[r.DOF.Scatter.BackgroundCompositing:2    ; additive background scattering]]
[2019.01.26-17.12.03:996][  0]LogConfig: Setting CVar [[r.DOF.Scatter.EnableBokehSettings:1      ; bokeh simulation when scattering]]
[2019.01.26-17.12.03:996][  0]LogConfig: Setting CVar [[r.DOF.Scatter.MaxSpriteRatio:0.1         ; only a maximum of 10% of scattered bokeh]]
[2019.01.26-17.12.03:996][  0]LogConfig: Setting CVar [[r.DOF.Recombine.Quality:1                ; cheap slight out of focus]]
[2019.01.26-17.12.03:996][  0]LogConfig: Setting CVar [[r.DOF.Recombine.EnableBokehSettings:0    ; no bokeh simulation on slight out of focus]]
[2019.01.26-17.12.03:996][  0]LogConfig: Setting CVar [[r.DOF.TemporalAAQuality:1                ; more stable temporal accumulation]]
[2019.01.26-17.12.03:996][  0]LogConfig: Setting CVar [[r.DOF.Kernel.MaxForegroundRadius:0.025]]
[2019.01.26-17.12.03:996][  0]LogConfig: Setting CVar [[r.DOF.Kernel.MaxBackgroundRadius:0.025]]
[2019.01.26-17.12.03:996][  0]LogConfig: Applying CVar settings from Section [TextureQuality@3] File [C:/Users/Sound/Documents/Unreal Projects/house-hunter/HouseHunter/Saved/Config/Windows/Scalability.ini]
[2019.01.26-17.12.03:996][  0]LogConfig: Setting CVar [[r.Streaming.MipBias:0]]
[2019.01.26-17.12.03:996][  0]LogConfig: Setting CVar [[r.Streaming.AmortizeCPUToGPUCopy:0]]
[2019.01.26-17.12.03:996][  0]LogConfig: Setting CVar [[r.Streaming.MaxNumTexturesToStreamPerFrame:0]]
[2019.01.26-17.12.03:996][  0]LogConfig: Setting CVar [[r.Streaming.Boost:1]]
[2019.01.26-17.12.03:996][  0]LogConfig: Setting CVar [[r.MaxAnisotropy:8]]
[2019.01.26-17.12.03:996][  0]LogConfig: Setting CVar [[r.Streaming.LimitPoolSizeToVRAM:0]]
[2019.01.26-17.12.03:996][  0]LogConfig: Setting CVar [[r.Streaming.PoolSize:1000]]
[2019.01.26-17.12.03:996][  0]LogConfig: Setting CVar [[r.Streaming.MaxEffectiveScreenSize:0]]
[2019.01.26-17.12.03:996][  0]LogConfig: Applying CVar settings from Section [EffectsQuality@3] File [C:/Users/Sound/Documents/Unreal Projects/house-hunter/HouseHunter/Saved/Config/Windows/Scalability.ini]
[2019.01.26-17.12.03:996][  0]LogConfig: Setting CVar [[r.TranslucencyLightingVolumeDim:64]]
[2019.01.26-17.12.03:996][  0]LogConfig: Setting CVar [[r.RefractionQuality:2]]
[2019.01.26-17.12.03:996][  0]LogConfig: Setting CVar [[r.SSR.Quality:3]]
[2019.01.26-17.12.03:996][  0]LogConfig: Setting CVar [[r.SceneColorFormat:4]]
[2019.01.26-17.12.03:996][  0]LogConfig: Setting CVar [[r.DetailMode:2]]
[2019.01.26-17.12.03:996][  0]LogConfig: Setting CVar [[r.TranslucencyVolumeBlur:1]]
[2019.01.26-17.12.03:996][  0]LogConfig: Setting CVar [[r.MaterialQualityLevel:1 ; High quality]]
[2019.01.26-17.12.03:996][  0]LogConfig: Setting CVar [[r.SSS.Scale:1]]
[2019.01.26-17.12.03:996][  0]LogConfig: Setting CVar [[r.SSS.SampleSet:2]]
[2019.01.26-17.12.03:996][  0]LogConfig: Setting CVar [[r.SSS.Quality:1]]
[2019.01.26-17.12.03:996][  0]LogConfig: Setting CVar [[r.SSS.HalfRes:1]]
[2019.01.26-17.12.03:996][  0]LogConfig: Setting CVar [[r.EmitterSpawnRateScale:1.0]]
[2019.01.26-17.12.03:996][  0]LogConfig: Setting CVar [[r.ParticleLightQuality:2]]
[2019.01.26-17.12.03:996][  0]LogConfig: Applying CVar settings from Section [FoliageQuality@3] File [C:/Users/Sound/Documents/Unreal Projects/house-hunter/HouseHunter/Saved/Config/Windows/Scalability.ini]
[2019.01.26-17.12.03:996][  0]LogConfig: Setting CVar [[foliage.DensityScale:1.0]]
[2019.01.26-17.12.03:996][  0]LogConfig: Setting CVar [[grass.DensityScale:1.0]]
[2019.01.26-17.12.03:997][  0]LogInit: Selected Device Profile: [Windows]
[2019.01.26-17.12.03:997][  0]LogInit: Applying CVar settings loaded from the selected device profile: [Windows]
[2019.01.26-17.12.04:011][  0]LogHAL: Display: Platform has ~ 16 GB [17026523136 / 17179869184 / 16], which maps to Larger [LargestMinGB=32, LargerMinGB=12, DefaultMinGB=8, SmallerMinGB=6, SmallestMinGB=0)
[2019.01.26-17.12.04:011][  0]LogConfig: Setting CVar [[r.Vulkan.UseRealUBs:1]]
[2019.01.26-17.12.04:011][  0]LogInit: Going up to parent DeviceProfile []
[2019.01.26-17.12.04:011][  0]LogConfig: Applying CVar settings from Section [ViewDistanceQuality@3] File [C:/Users/Sound/Documents/Unreal Projects/house-hunter/HouseHunter/Saved/Config/Windows/Scalability.ini]
[2019.01.26-17.12.04:011][  0]LogConfig: Setting CVar [[r.SkeletalMeshLODBias:0]]
[2019.01.26-17.12.04:011][  0]LogConfig: Setting CVar [[r.ViewDistanceScale:1.0]]
[2019.01.26-17.12.04:011][  0]LogConfig: Applying CVar settings from Section [AntiAliasingQuality@3] File [C:/Users/Sound/Documents/Unreal Projects/house-hunter/HouseHunter/Saved/Config/Windows/Scalability.ini]
[2019.01.26-17.12.04:011][  0]LogConfig: Setting CVar [[r.PostProcessAAQuality:4]]
[2019.01.26-17.12.04:011][  0]LogConfig: Applying CVar settings from Section [ShadowQuality@3] File [C:/Users/Sound/Documents/Unreal Projects/house-hunter/HouseHunter/Saved/Config/Windows/Scalability.ini]
[2019.01.26-17.12.04:011][  0]LogConfig: Setting CVar [[r.LightFunctionQuality:1]]
[2019.01.26-17.12.04:011][  0]LogConfig: Setting CVar [[r.ShadowQuality:5]]
[2019.01.26-17.12.04:011][  0]LogConfig: Setting CVar [[r.Shadow.CSM.MaxCascades:10]]
[2019.01.26-17.12.04:011][  0]LogConfig: Setting CVar [[r.Shadow.MaxResolution:2048]]
[2019.01.26-17.12.04:011][  0]LogConfig: Setting CVar [[r.Shadow.MaxCSMResolution:2048]]
[2019.01.26-17.12.04:011][  0]LogConfig: Setting CVar [[r.Shadow.RadiusThreshold:0.01]]
[2019.01.26-17.12.04:011][  0]LogConfig: Setting CVar [[r.Shadow.DistanceScale:1.0]]
[2019.01.26-17.12.04:011][  0]LogConfig: Setting CVar [[r.Shadow.CSM.TransitionScale:1.0]]
[2019.01.26-17.12.04:011][  0]LogConfig: Setting CVar [[r.Shadow.PreShadowResolutionFactor:1.0]]
[2019.01.26-17.12.04:011][  0]LogConfig: Setting CVar [[r.DistanceFieldShadowing:1]]
[2019.01.26-17.12.04:011][  0]LogConfig: Setting CVar [[r.DistanceFieldAO:1]]
[2019.01.26-17.12.04:011][  0]LogConfig: Setting CVar [[r.AOQuality:2]]
[2019.01.26-17.12.04:011][  0]LogConfig: Setting CVar [[r.VolumetricFog:1]]
[2019.01.26-17.12.04:011][  0]LogConfig: Setting CVar [[r.VolumetricFog.GridPixelSize:8]]
[2019.01.26-17.12.04:011][  0]LogConfig: Setting CVar [[r.VolumetricFog.GridSizeZ:128]]
[2019.01.26-17.12.04:011][  0]LogConfig: Setting CVar [[r.VolumetricFog.HistoryMissSupersampleCount:4]]
[2019.01.26-17.12.04:011][  0]LogConfig: Setting CVar [[r.LightMaxDrawDistanceScale:1]]
[2019.01.26-17.12.04:011][  0]LogConfig: Setting CVar [[r.CapsuleShadows:1]]
[2019.01.26-17.12.04:011][  0]LogConfig: Applying CVar settings from Section [PostProcessQuality@3] File [C:/Users/Sound/Documents/Unreal Projects/house-hunter/HouseHunter/Saved/Config/Windows/Scalability.ini]
[2019.01.26-17.12.04:011][  0]LogConfig: Setting CVar [[r.MotionBlurQuality:4]]
[2019.01.26-17.12.04:011][  0]LogConfig: Setting CVar [[r.AmbientOcclusionMipLevelFactor:0.4]]
[2019.01.26-17.12.04:011][  0]LogConfig: Setting CVar [[r.AmbientOcclusionMaxQuality:100]]
[2019.01.26-17.12.04:011][  0]LogConfig: Setting CVar [[r.AmbientOcclusionLevels:-1]]
[2019.01.26-17.12.04:011][  0]LogConfig: Setting CVar [[r.AmbientOcclusionRadiusScale:1.0]]
[2019.01.26-17.12.04:011][  0]LogConfig: Setting CVar [[r.DepthOfFieldQuality:2]]
[2019.01.26-17.12.04:011][  0]LogConfig: Setting CVar [[r.RenderTargetPoolMin:400]]
[2019.01.26-17.12.04:011][  0]LogConfig: Setting CVar [[r.LensFlareQuality:2]]
[2019.01.26-17.12.04:011][  0]LogConfig: Setting CVar [[r.SceneColorFringeQuality:1]]
[2019.01.26-17.12.04:011][  0]LogConfig: Setting CVar [[r.EyeAdaptationQuality:2]]
[2019.01.26-17.12.04:011][  0]LogConfig: Setting CVar [[r.BloomQuality:5]]
[2019.01.26-17.12.04:011][  0]LogConfig: Setting CVar [[r.FastBlurThreshold:100]]
[2019.01.26-17.12.04:011][  0]LogConfig: Setting CVar [[r.Upscale.Quality:3]]
[2019.01.26-17.12.04:011][  0]LogConfig: Setting CVar [[r.Tonemapper.GrainQuantization:1]]
[2019.01.26-17.12.04:011][  0]LogConfig: Setting CVar [[r.LightShaftQuality:1]]
[2019.01.26-17.12.04:011][  0]LogConfig: Setting CVar [[r.Filter.SizeScale:1]]
[2019.01.26-17.12.04:011][  0]LogConfig: Setting CVar [[r.Tonemapper.Quality:5]]
[2019.01.26-17.12.04:011][  0]LogConfig: Setting CVar [[r.DOF.Gather.AccumulatorQuality:1        ; higher gathering accumulator quality]]
[2019.01.26-17.12.04:011][  0]LogConfig: Setting CVar [[r.DOF.Gather.PostfilterMethod:1          ; Median3x3 postfilering method]]
[2019.01.26-17.12.04:011][  0]LogConfig: Setting CVar [[r.DOF.Gather.EnableBokehSettings:0       ; no bokeh simulation when gathering]]
[2019.01.26-17.12.04:011][  0]LogConfig: Setting CVar [[r.DOF.Gather.RingCount:4                 ; medium number of samples when gathering]]
[2019.01.26-17.12.04:011][  0]LogConfig: Setting CVar [[r.DOF.Scatter.ForegroundCompositing:1    ; additive foreground scattering]]
[2019.01.26-17.12.04:011][  0]LogConfig: Setting CVar [[r.DOF.Scatter.BackgroundCompositing:2    ; additive background scattering]]
[2019.01.26-17.12.04:011][  0]LogConfig: Setting CVar [[r.DOF.Scatter.EnableBokehSettings:1      ; bokeh simulation when scattering]]
[2019.01.26-17.12.04:011][  0]LogConfig: Setting CVar [[r.DOF.Scatter.MaxSpriteRatio:0.1         ; only a maximum of 10% of scattered bokeh]]
[2019.01.26-17.12.04:011][  0]LogConfig: Setting CVar [[r.DOF.Recombine.Quality:1                ; cheap slight out of focus]]
[2019.01.26-17.12.04:011][  0]LogConfig: Setting CVar [[r.DOF.Recombine.EnableBokehSettings:0    ; no bokeh simulation on slight out of focus]]
[2019.01.26-17.12.04:011][  0]LogConfig: Setting CVar [[r.DOF.TemporalAAQuality:1                ; more stable temporal accumulation]]
[2019.01.26-17.12.04:011][  0]LogConfig: Setting CVar [[r.DOF.Kernel.MaxForegroundRadius:0.025]]
[2019.01.26-17.12.04:011][  0]LogConfig: Setting CVar [[r.DOF.Kernel.MaxBackgroundRadius:0.025]]
[2019.01.26-17.12.04:011][  0]LogConfig: Applying CVar settings from Section [TextureQuality@3] File [C:/Users/Sound/Documents/Unreal Projects/house-hunter/HouseHunter/Saved/Config/Windows/Scalability.ini]
[2019.01.26-17.12.04:011][  0]LogConfig: Setting CVar [[r.Streaming.MipBias:0]]
[2019.01.26-17.12.04:011][  0]LogConfig: Setting CVar [[r.Streaming.AmortizeCPUToGPUCopy:0]]
[2019.01.26-17.12.04:011][  0]LogConfig: Setting CVar [[r.Streaming.MaxNumTexturesToStreamPerFrame:0]]
[2019.01.26-17.12.04:012][  0]LogConfig: Setting CVar [[r.Streaming.Boost:1]]
[2019.01.26-17.12.04:012][  0]LogConfig: Setting CVar [[r.MaxAnisotropy:8]]
[2019.01.26-17.12.04:012][  0]LogConfig: Setting CVar [[r.Streaming.LimitPoolSizeToVRAM:0]]
[2019.01.26-17.12.04:012][  0]LogConfig: Setting CVar [[r.Streaming.PoolSize:1000]]
[2019.01.26-17.12.04:012][  0]LogConfig: Setting CVar [[r.Streaming.MaxEffectiveScreenSize:0]]
[2019.01.26-17.12.04:012][  0]LogConfig: Applying CVar settings from Section [EffectsQuality@3] File [C:/Users/Sound/Documents/Unreal Projects/house-hunter/HouseHunter/Saved/Config/Windows/Scalability.ini]
[2019.01.26-17.12.04:012][  0]LogConfig: Setting CVar [[r.TranslucencyLightingVolumeDim:64]]
[2019.01.26-17.12.04:012][  0]LogConfig: Setting CVar [[r.RefractionQuality:2]]
[2019.01.26-17.12.04:012][  0]LogConfig: Setting CVar [[r.SSR.Quality:3]]
[2019.01.26-17.12.04:012][  0]LogConfig: Setting CVar [[r.SceneColorFormat:4]]
[2019.01.26-17.12.04:012][  0]LogConfig: Setting CVar [[r.DetailMode:2]]
[2019.01.26-17.12.04:012][  0]LogConfig: Setting CVar [[r.TranslucencyVolumeBlur:1]]
[2019.01.26-17.12.04:012][  0]LogConfig: Setting CVar [[r.MaterialQualityLevel:1 ; High quality]]
[2019.01.26-17.12.04:012][  0]LogConfig: Setting CVar [[r.SSS.Scale:1]]
[2019.01.26-17.12.04:012][  0]LogConfig: Setting CVar [[r.SSS.SampleSet:2]]
[2019.01.26-17.12.04:012][  0]LogConfig: Setting CVar [[r.SSS.Quality:1]]
[2019.01.26-17.12.04:012][  0]LogConfig: Setting CVar [[r.SSS.HalfRes:1]]
[2019.01.26-17.12.04:012][  0]LogConfig: Setting CVar [[r.EmitterSpawnRateScale:1.0]]
[2019.01.26-17.12.04:012][  0]LogConfig: Setting CVar [[r.ParticleLightQuality:2]]
[2019.01.26-17.12.04:012][  0]LogConfig: Applying CVar settings from Section [FoliageQuality@3] File [C:/Users/Sound/Documents/Unreal Projects/house-hunter/HouseHunter/Saved/Config/Windows/Scalability.ini]
[2019.01.26-17.12.04:012][  0]LogConfig: Setting CVar [[foliage.DensityScale:1.0]]
[2019.01.26-17.12.04:012][  0]LogConfig: Setting CVar [[grass.DensityScale:1.0]]
[2019.01.26-17.12.04:012][  0]LogConfig: Applying CVar settings from Section [Startup] File [../../../Engine/Config/ConsoleVariables.ini]
[2019.01.26-17.12.04:012][  0]LogConfig: Setting CVar [[net.UseAdaptiveNetUpdateFrequency:0]]
[2019.01.26-17.12.04:012][  0]LogConfig: Applying CVar settings from Section [ConsoleVariables] File [C:/Users/Sound/Documents/Unreal Projects/house-hunter/HouseHunter/Saved/Config/Windows/Engine.ini]
[2019.01.26-17.12.04:012][  0]LogInit: Computer: DESKTOP-QCBH2DH
[2019.01.26-17.12.04:012][  0]LogInit: User: Sound
[2019.01.26-17.12.04:012][  0]LogInit: CPU Page size=4096, Cores=2
[2019.01.26-17.12.04:012][  0]LogInit: High frequency timer resolution =2.531249 MHz
[2019.01.26-17.12.04:012][  0]LogMemory: Memory total: Physical=15.9GB (16GB approx)
[2019.01.26-17.12.04:012][  0]LogMemory: Platform Memory Stats for Windows
[2019.01.26-17.12.04:012][  0]LogMemory: Process Physical Memory: 102.30 MB used, 102.30 MB peak
[2019.01.26-17.12.04:012][  0]LogMemory: Process Virtual Memory: 84.75 MB used, 84.75 MB peak
[2019.01.26-17.12.04:012][  0]LogMemory: Physical Memory: 5367.32 MB used,  10870.44 MB free, 16237.76 MB total
[2019.01.26-17.12.04:012][  0]LogMemory: Virtual Memory: 4628.98 MB used,  134213096.00 MB free, 134217728.00 MB total
[2019.01.26-17.12.04:032][  0]LogInit: Using OS detected language (en-US).
[2019.01.26-17.12.04:032][  0]LogInit: Using OS detected locale (en-US).
[2019.01.26-17.12.04:033][  0]LogTextLocalizationManager: No specific localization for 'en-US' exists, so the 'en' localization will be used.
[2019.01.26-17.12.04:451][  0]LogStreaming: Display: Took  0.420s to InitEngineTextLocalization.
[2019.01.26-17.12.04:452][  0]LogInit: Setting process to per monitor DPI aware
[2019.01.26-17.12.04:498][  0]LogSlate: New Slate User Created.  User Index 0, Is Virtual User: 0
[2019.01.26-17.12.04:498][  0]LogSlate: Slate User Registered.  User Index 0, Is Virtual User: 0
[2019.01.26-17.12.04:717][  0]LogHMD: Failed to initialize OpenVR with code 110
[2019.01.26-17.12.04:717][  0]LogD3D11RHI: D3D11 adapters:
[2019.01.26-17.12.04:757][  0]LogD3D11RHI:    0. 'NVIDIA GeForce 940MX' (Feature Level 11_0)
[2019.01.26-17.12.04:757][  0]LogD3D11RHI:       2019/0/8118 MB DedicatedVideo/DedicatedSystem/SharedSystem, Outputs:1, VendorId:0x10de
[2019.01.26-17.12.04:765][  0]LogD3D11RHI:    1. 'Intel(R) HD Graphics 520' (Feature Level 11_0)
[2019.01.26-17.12.04:765][  0]LogD3D11RHI:       128/0/8118 MB DedicatedVideo/DedicatedSystem/SharedSystem, Outputs:0, VendorId:0x8086
[2019.01.26-17.12.04:767][  0]LogD3D11RHI:    2. 'Microsoft Basic Render Driver' (Feature Level 11_0)
[2019.01.26-17.12.04:767][  0]LogD3D11RHI:       0/0/8118 MB DedicatedVideo/DedicatedSystem/SharedSystem, Outputs:0, VendorId:0x1414
[2019.01.26-17.12.04:767][  0]LogD3D11RHI: Chosen D3D11 Adapter: 0
[2019.01.26-17.12.04:786][  0]LogD3D11RHI: Creating new Direct3DDevice
[2019.01.26-17.12.04:786][  0]LogD3D11RHI:     GPU DeviceId: 0x134d (for the marketing name, search the web for "GPU Device Id")
[2019.01.26-17.12.04:786][  0]LogWindows: EnumDisplayDevices:
[2019.01.26-17.12.04:786][  0]LogWindows:    0. 'Intel(R) HD Graphics 520' (P:1 D:1)
[2019.01.26-17.12.04:786][  0]LogWindows:    1. 'Intel(R) HD Graphics 520' (P:0 D:0)
[2019.01.26-17.12.04:786][  0]LogWindows:    2. 'Intel(R) HD Graphics 520' (P:0 D:0)
[2019.01.26-17.12.04:787][  0]LogWindows: DebugString: PrimaryIsNotTheChoosenAdapter PrimaryIsNotTheChoosenAdapter PrimaryIsNotTheChoosenAdapter FoundDriverCount:0 
[2019.01.26-17.12.04:787][  0]LogD3D11RHI:     Adapter Name: NVIDIA GeForce 940MX
[2019.01.26-17.12.04:787][  0]LogD3D11RHI:   Driver Version: Unknown (internal:Unknown, unified:Unknown)
[2019.01.26-17.12.04:787][  0]LogD3D11RHI:      Driver Date: Unknown
[2019.01.26-17.12.04:787][  0]LogRHI: Texture pool is 1413 MB (70% of 2019 MB)
[2019.01.26-17.12.04:805][  0]LogD3D11RHI: Async texture creation enabled
[2019.01.26-17.12.04:822][  0]LogD3D11RHI: GPU Timing Frequency: 1000.000000 (Debug: 2 2)
[2019.01.26-17.12.05:137][  0]LogTemp: Display: Loaded TP AllDesktopTargetPlatform
[2019.01.26-17.12.05:157][  0]LogTemp: Display: Loaded TP MacClientTargetPlatform
[2019.01.26-17.12.05:171][  0]LogTemp: Display: Loaded TP MacNoEditorTargetPlatform
[2019.01.26-17.12.05:184][  0]LogTemp: Display: Loaded TP MacServerTargetPlatform
[2019.01.26-17.12.05:198][  0]LogTemp: Display: Loaded TP MacTargetPlatform
[2019.01.26-17.12.05:211][  0]LogTemp: Display: Loaded TP WindowsClientTargetPlatform
[2019.01.26-17.12.05:228][  0]LogTemp: Display: Loaded TP WindowsNoEditorTargetPlatform
[2019.01.26-17.12.05:246][  0]LogTemp: Display: Loaded TP WindowsServerTargetPlatform
[2019.01.26-17.12.05:254][  0]LogTemp: Display: Loaded TP WindowsTargetPlatform
[2019.01.26-17.12.05:347][  0]LogTemp: Display: Loaded TP AndroidTargetPlatform
[2019.01.26-17.12.05:347][  0]LogTemp: Display: Loaded TP AndroidTargetPlatform
[2019.01.26-17.12.05:347][  0]LogTemp: Display: Loaded TP AndroidTargetPlatform
[2019.01.26-17.12.05:347][  0]LogTemp: Display: Loaded TP AndroidTargetPlatform
[2019.01.26-17.12.05:347][  0]LogTemp: Display: Loaded TP AndroidTargetPlatform
[2019.01.26-17.12.05:347][  0]LogTemp: Display: Loaded TP AndroidTargetPlatform
[2019.01.26-17.12.05:347][  0]LogTemp: Display: Loaded TP AndroidTargetPlatform
[2019.01.26-17.12.05:347][  0]LogTemp: Display: Loaded TP AndroidTargetPlatform
[2019.01.26-17.12.05:347][  0]LogTemp: Display: Loaded TP AndroidTargetPlatform
[2019.01.26-17.12.05:347][  0]LogTemp: Display: Loaded TP AndroidTargetPlatform
[2019.01.26-17.12.05:347][  0]LogTemp: Display: Loaded TP AndroidTargetPlatform
[2019.01.26-17.12.05:347][  0]LogTemp: Display: Loaded TP AndroidTargetPlatform
[2019.01.26-17.12.05:347][  0]LogTemp: Display: Loaded TP AndroidTargetPlatform
[2019.01.26-17.12.05:347][  0]LogTemp: Display: Loaded TP AndroidTargetPlatform
[2019.01.26-17.12.05:347][  0]LogTemp: Display: Loaded TP AndroidTargetPlatform
[2019.01.26-17.12.05:347][  0]LogTemp: Display: Loaded TP AndroidTargetPlatform
[2019.01.26-17.12.05:347][  0]LogTemp: Display: Loaded TP AndroidTargetPlatform
[2019.01.26-17.12.05:347][  0]LogTemp: Display: Loaded TP AndroidTargetPlatform
[2019.01.26-17.12.05:349][  0]LogTemp: Display: Loaded TP HTML5TargetPlatform
[2019.01.26-17.12.05:410][  0]LogTemp: Display: Loaded TP IOSTargetPlatform
[2019.01.26-17.12.05:410][  0]LogTemp: Display: Loaded TP IOSTargetPlatform
[2019.01.26-17.12.05:436][  0]LogTemp: Display: Loaded TP TVOSTargetPlatform
[2019.01.26-17.12.05:436][  0]LogTemp: Display: Loaded TP TVOSTargetPlatform
[2019.01.26-17.12.05:449][  0]LogTemp: Display: Loaded TP LinuxClientTargetPlatform
[2019.01.26-17.12.05:461][  0]LogTemp: Display: Loaded TP LinuxNoEditorTargetPlatform
[2019.01.26-17.12.05:475][  0]LogTemp: Display: Loaded TP LinuxServerTargetPlatform
[2019.01.26-17.12.05:489][  0]LogTemp: Display: Loaded TP LinuxTargetPlatform
[2019.01.26-17.12.05:537][  0]LogTemp: Display: Loaded TP LuminTargetPlatform
[2019.01.26-17.12.05:537][  0]LogTemp: Display: Loaded TP LuminTargetPlatform
[2019.01.26-17.12.05:537][  0]LogTargetPlatformManager: Display: Building Assets For Windows
[2019.01.26-17.12.05:590][  0]LogShaderCompilers: Guid format shader working directory is -34 characters bigger than the processId version (../../../../../../Users/Sound/Documents/Unreal Projects/house-hunter/HouseHunter/Intermediate/Shaders/WorkingDirectory/7392/).
[2019.01.26-17.12.05:591][  0]LogShaderCompilers: Cleaned the shader compiler working directory 'C:/Users/Sound/AppData/Local/Temp/UnrealShaderWorkingDir/605CD0BF4707888E8974BAB55ED8C247/'.
[2019.01.26-17.12.05:592][  0]LogXGEController: Cleaning working directory: C:/Users/Sound/AppData/Local/Temp/UnrealXGEWorkingDir/
[2019.01.26-17.12.05:592][  0]LogXGEController: Cannot use XGE Controller as Incredibuild is not installed on this machine.
[2019.01.26-17.12.05:592][  0]LogShaderCompilers: Cannot use XGE Shader Compiler as Incredibuild is not installed on this machine.
[2019.01.26-17.12.05:593][  0]LogShaderCompilers: Display: Using Local Shader Compiler.
[2019.01.26-17.12.06:206][  0]LogDerivedDataCache: Display: Max Cache Size: 512 MB
[2019.01.26-17.12.06:285][  0]LogDerivedDataCache: Loaded boot cache 0.08s 86MB C:/Users/Sound/AppData/Local/UnrealEngine/4.21/DerivedDataCache/Boot.ddc.
[2019.01.26-17.12.06:285][  0]LogDerivedDataCache: Display: Loaded Boot cache: C:/Users/Sound/AppData/Local/UnrealEngine/4.21/DerivedDataCache/Boot.ddc
[2019.01.26-17.12.06:285][  0]LogDerivedDataCache: FDerivedDataBackendGraph:  Pak pak cache file ../../../../../../Users/Sound/Documents/Unreal Projects/house-hunter/HouseHunter/DerivedDataCache/DDC.ddp not found, will not use a pak cache.
[2019.01.26-17.12.06:285][  0]LogDerivedDataCache: Unable to find inner node Pak for hierarchical cache Hierarchy.
[2019.01.26-17.12.06:285][  0]LogDerivedDataCache: FDerivedDataBackendGraph:  CompressedPak pak cache file ../../../../../../Users/Sound/Documents/Unreal Projects/house-hunter/HouseHunter/DerivedDataCache/Compressed.ddp not found, will not use a pak cache.
[2019.01.26-17.12.06:285][  0]LogDerivedDataCache: Unable to find inner node CompressedPak for hierarchical cache Hierarchy.
[2019.01.26-17.12.06:300][  0]LogDerivedDataCache: Display: Pak cache opened for reading ../../../Engine/DerivedDataCache/Compressed.ddp.
[2019.01.26-17.12.06:300][  0]LogDerivedDataCache: FDerivedDataBackendGraph:  EnterprisePak pak cache file ../../../Enterprise/DerivedDataCache/Compressed.ddp not found, will not use a pak cache.
[2019.01.26-17.12.06:300][  0]LogDerivedDataCache: Unable to find inner node EnterprisePak for hierarchical cache Hierarchy.
[2019.01.26-17.12.06:312][  0]LogDerivedDataCache: Using Local data cache path C:/Users/Sound/AppData/Local/UnrealEngine/Common/DerivedDataCache: Writable
[2019.01.26-17.12.06:312][  0]LogDerivedDataCache: Shared data cache path not found in *engine.ini, will not use an Shared cache.
[2019.01.26-17.12.06:312][  0]LogDerivedDataCache: Unable to find inner node Shared for hierarchical cache Hierarchy.
[2019.01.26-17.12.06:340][  0]LogMaterial: Verifying Global Shaders for PCD3D_SM5
[2019.01.26-17.12.06:342][  0]LogSlate: Using FreeType 2.6.0
[2019.01.26-17.12.06:342][  0]LogSlate: SlateFontServices - WITH_FREETYPE: 1, WITH_HARFBUZZ: 1
[2019.01.26-17.12.06:430][  0]LogAssetRegistry: FAssetRegistry took 0.0346 seconds to start up
[2019.01.26-17.12.06:816][  0]LogInit: Selected Device Profile: [Windows]
[2019.01.26-17.12.06:990][  0]LogSimplygon: Simplygon DLL not present - disabling.
[2019.01.26-17.12.06:994][  0]LogMeshReduction: Using SimplygonSwarm for distributed automatic mesh merging
[2019.01.26-17.12.06:994][  0]LogMeshReduction: Using ProxyLODMeshReduction for automatic mesh merging
[2019.01.26-17.12.06:994][  0]LogMeshReduction: Using QuadricMeshReduction for automatic static mesh reduction
[2019.01.26-17.12.06:994][  0]LogMeshReduction: No automatic skeletal mesh reduction module available
[2019.01.26-17.12.07:009][  0]LogNetVersion: HouseHunter 1.0.0, NetCL: 4541578, EngineNetVer: 5, GameNetVer: 0 (Checksum: 2666035294)
[2019.01.26-17.12.07:600][  0]LogPackageLocalizationCache: Processed 11 localized package path(s) for 2 prioritized culture(s) in 0.114950 seconds
[2019.01.26-17.12.07:607][  0]LogUObjectArray: 39775 objects as part of root set at end of initial load.
[2019.01.26-17.12.07:607][  0]LogUObjectAllocator: 6914656 out of 0 bytes used by permanent object pool.
[2019.01.26-17.12.07:607][  0]LogUObjectArray: CloseDisregardForGC: 0/0 objects in disregard for GC pool
[2019.01.26-17.12.08:599][  0]LogTcpMessaging: Initializing TcpMessaging bridge
[2019.01.26-17.12.08:612][  0]LogUdpMessaging: Initializing bridge on interface 0.0.0.0:0 to multicast group 230.0.0.1:6666.
[2019.01.26-17.12.09:348][  0]SourceControl: Source control is disabled
[2019.01.26-17.12.09:348][  0]SourceControl: Source control is disabled
[2019.01.26-17.12.09:350][  0]SourceControl: Source control is disabled
[2019.01.26-17.12.09:351][  0]SourceControl: Source control is disabled
[2019.01.26-17.12.09:514][  0]LogAndroidPermission: UAndroidPermissionCallbackProxy::GetInstance
[2019.01.26-17.12.09:582][  0]LogOcInput: OculusInput pre-init called
[2019.01.26-17.12.09:765][  0]LogEngine: Initializing Engine...
[2019.01.26-17.12.09:766][  0]LogHMD: Failed to initialize OpenVR with code 110
[2019.01.26-17.12.09:767][  0]LogStats: UGameplayTagsManager::ConstructGameplayTagTree: ImportINI prefixes -  0.000 s
[2019.01.26-17.12.09:767][  0]LogStats: UGameplayTagsManager::ConstructGameplayTagTree: Construct from data asset -  0.000 s
[2019.01.26-17.12.09:767][  0]LogStats: UGameplayTagsManager::ConstructGameplayTagTree: ImportINI -  0.000 s
[2019.01.26-17.12.09:767][  0]LogStats: UGameplayTagsManager::ConstructGameplayTagTree: GameplayTagTreeChangedEvent.Broadcast -  0.000 s
[2019.01.26-17.12.10:036][  0]LogInit: Initializing FReadOnlyCVARCache
[2019.01.26-17.12.10:050][  0]LogAIModule: Creating AISystem for world Untitled
[2019.01.26-17.12.10:067][  0]LogInit: XAudio2 using 'Speakers (Realtek High Definition Audio)' : 2 channels at 48 kHz using 32 bits per sample (channel mask 0x3)
[2019.01.26-17.12.10:112][  0]LogInit: FAudioDevice initialized.
[2019.01.26-17.12.10:112][  0]LogNetVersion: Set ProjectVersion to 1.0.0.0. Version Checksum will be recalculated on next use.
[2019.01.26-17.12.10:217][  0]LogDerivedDataCache: Saved boot cache 0.10s 86MB C:/Users/Sound/AppData/Local/UnrealEngine/4.21/DerivedDataCache/Boot.ddc.
[2019.01.26-17.12.10:230][  0]LogInit: Texture streaming: Enabled
[2019.01.26-17.12.10:248][  0]LogEngineSessionManager: EngineSessionManager initialized
[2019.01.26-17.12.10:265][  0]LogInit: Transaction tracking system initialized
[2019.01.26-17.12.10:286][  0]BlueprintLog: New page: Editor Load
[2019.01.26-17.12.10:367][  0]LocalizationService: Localization service is disabled
[2019.01.26-17.12.10:880][  0]LogFileCache: Scanning file cache for directory 'C:/Users/Sound/Documents/Unreal Projects/house-hunter/HouseHunter/Content/' took 0.01s
[2019.01.26-17.12.10:880][  0]LogCook: Display: Max memory allowance for cook 16384mb min free memory 0mb
[2019.01.26-17.12.10:880][  0]LogCook: Display: Mobile HDR setting 1
[2019.01.26-17.12.10:880][  0]LogGameplayTags: Display: UGameplayTagsManager::DoneAddingNativeTags. DelegateIsBound: 0
[2019.01.26-17.12.10:880][  0]LogStats: UGameplayTagsManager::ConstructGameplayTagTree: ImportINI prefixes -  0.000 s
[2019.01.26-17.12.10:880][  0]LogStats: UGameplayTagsManager::ConstructGameplayTagTree: Construct from data asset -  0.000 s
[2019.01.26-17.12.10:880][  0]LogStats: UGameplayTagsManager::ConstructGameplayTagTree: ImportINI -  0.000 s
[2019.01.26-17.12.10:880][  0]LogStats: UGameplayTagsManager::ConstructGameplayTagTree: GameplayTagTreeChangedEvent.Broadcast -  0.000 s
[2019.01.26-17.12.11:009][  0]SourceControl: Source control is disabled
[2019.01.26-17.12.11:009][  0]Cmd: MAP LOAD FILE="../../../../../../Users/Sound/Documents/Unreal Projects/house-hunter/HouseHunter/Content/SideScrollerBP/Maps/HouseHunter.umap" TEMPLATE=0 SHOWPROGRESS=1 FEATURELEVEL=3
[2019.01.26-17.12.11:010][  0]LightingResults: New page: Lighting Build
[2019.01.26-17.12.11:012][  0]MapCheck: New page: Map Check
[2019.01.26-17.12.11:012][  0]LightingResults: New page: Lighting Build
[2019.01.26-17.12.11:239][  0]LogLinker: Warning: Can't find file '/Game/SideScrollerBP/Maps/HouseHunter_BuiltData'
[2019.01.26-17.12.11:239][  0]LogLinker: Warning: Can't find file for asset '/Game/SideScrollerBP/Maps/HouseHunter_BuiltData' while loading ../../../../../../Users/Sound/Documents/Unreal Projects/house-hunter/HouseHunter/Content/SideScrollerBP/Maps/HouseHunter.umap.
[2019.01.26-17.12.11:239][  0]LoadErrors: Error: /Game/SideScrollerBP/Maps/HouseHunter : Can't find file for asset. /Game/SideScrollerBP/Maps/HouseHunter_BuiltData
[2019.01.26-17.12.11:242][  0]LogLinker: Warning: Can't find file '/Game/SideScrollerBP/Maps/HouseHunter_BuiltData'
[2019.01.26-17.12.11:243][  0]LogLinker: Warning: Can't find file for asset '/Game/SideScrollerBP/Maps/HouseHunter_BuiltData' while loading ../../../../../../Users/Sound/Documents/Unreal Projects/house-hunter/HouseHunter/Content/SideScrollerBP/Maps/HouseHunter.umap.
[2019.01.26-17.12.11:243][  0]LoadErrors: Error: /Game/SideScrollerBP/Maps/HouseHunter : Can't find file for asset. /Game/SideScrollerBP/Maps/HouseHunter_BuiltData
[2019.01.26-17.12.11:244][  0]LogLinker: Warning: Can't find file '/Game/SideScrollerBP/Maps/HouseHunter_BuiltData'
[2019.01.26-17.12.11:245][  0]LogLinker: Warning: Can't find file for asset '/Game/SideScrollerBP/Maps/HouseHunter_BuiltData' while loading NULL.
[2019.01.26-17.12.11:245][  0]LogLinker: Warning: Can't find file '/Game/SideScrollerBP/Maps/HouseHunter_BuiltData'
[2019.01.26-17.12.11:245][  0]LogLinker: Warning: Can't find file for asset '/Game/SideScrollerBP/Maps/HouseHunter_BuiltData' while loading NULL.
[2019.01.26-17.12.11:262][  0]LogLinker: Warning: Can't find file '/Game/SideScrollerBP/Maps/HouseHunter_BuiltData'
[2019.01.26-17.12.11:262][  0]LoadErrors: Failed to load /Game/SideScrollerBP/Maps/HouseHunter_BuiltData.HouseHunter_BuiltData Referenced by PersistentLevel
[2019.01.26-17.12.11:263][  0]LogLinker: Warning: Can't find file for asset '/Game/SideScrollerBP/Maps/HouseHunter_BuiltData' while loading NULL.
[2019.01.26-17.12.11:263][  0]LoadErrors: Failed to load /Game/SideScrollerBP/Maps/HouseHunter_BuiltData.HouseHunter_BuiltData Referenced by PersistentLevel
[2019.01.26-17.12.11:318][  0]LogMaterial: Display: Missing cached shader map for material mat_Grass, compiling. 
[2019.01.26-17.12.11:374][  0]LogShaderCompilers: Display: Shaders left to compile 22
[2019.01.26-17.12.11:374][  0]LogShaderCompilers: Display: Shaders left to compile 12
[2019.01.26-17.12.11:374][  0]LogShaderCompilers: Display: Shaders left to compile 2
[2019.01.26-17.12.11:374][  0]LogMaterial: Display: Missing cached shader map for material mat_Cement, compiling. 
[2019.01.26-17.12.11:576][  0]LogAudioDerivedData: Display: Building compressed audio format OGG hash OGG wave sfx_block...
[2019.01.26-17.12.11:607][  0]LogAudioDerivedData: Display: Updated SoundWave->RawPCMDataSize from 0 to 46512 while cooking SoundWave /Game/SideScrollerBP/Audio/sfx_block.sfx_block.
[2019.01.26-17.12.11:607][  0]LogAudioDerivedData: Display: Building compressed audio format OGG hash OGG wave sfx_PiPunch4...
[2019.01.26-17.12.11:632][  0]LogAudioDerivedData: Display: Updated SoundWave->RawPCMDataSize from 0 to 114888 while cooking SoundWave /Game/SideScrollerBP/Audio/Punches/sfx_PiPunch4.sfx_PiPunch4.
[2019.01.26-17.12.11:632][  0]LogAudioDerivedData: Display: Building compressed audio format OGG hash OGG wave sfx_PiPunch3...
[2019.01.26-17.12.11:657][  0]LogAudioDerivedData: Display: Updated SoundWave->RawPCMDataSize from 0 to 53552 while cooking SoundWave /Game/SideScrollerBP/Audio/Punches/sfx_PiPunch3.sfx_PiPunch3.
[2019.01.26-17.12.11:658][  0]LogAudioDerivedData: Display: Building compressed audio format OGG hash OGG wave sfx_PiPunch2...
[2019.01.26-17.12.11:694][  0]LogAudioDerivedData: Display: Updated SoundWave->RawPCMDataSize from 0 to 77080 while cooking SoundWave /Game/SideScrollerBP/Audio/Punches/sfx_PiPunch2.sfx_PiPunch2.
[2019.01.26-17.12.11:694][  0]LogAudioDerivedData: Display: Building compressed audio format OGG hash OGG wave sfx_PiPunch1...
[2019.01.26-17.12.11:722][  0]LogAudioDerivedData: Display: Updated SoundWave->RawPCMDataSize from 0 to 114888 while cooking SoundWave /Game/SideScrollerBP/Audio/Punches/sfx_PiPunch1.sfx_PiPunch1.
[2019.01.26-17.12.11:770][  0]LogMaterial: Display: Missing cached shader map for material mat_UpperGreen, compiling. 
[2019.01.26-17.12.11:851][  0]LogMaterial: Display: Missing cached shader map for material mat_red, compiling. 
[2019.01.26-17.12.11:870][  0]LogMaterial: Display: Missing cached shader map for material mat_MidYellow, compiling. 
[2019.01.26-17.12.11:901][  0]LogMaterial: Display: Missing cached shader map for material mat_LowerPurple, compiling. 
[2019.01.26-17.12.11:931][  0]LogAIModule: Creating AISystem for world HouseHunter
[2019.01.26-17.12.11:968][  0]LogEditorServer: Finished looking for orphan Actors (0.000 secs)
[2019.01.26-17.12.12:003][  0]Cmd: MAP CHECKDEP NOCLEARLOG
[2019.01.26-17.12.12:003][  0]MapCheck: Map check complete: 0 Error(s), 0 Warning(s), took 0.174ms to complete.
[2019.01.26-17.12.12:003][  0]LogFileHelpers: Loading map 'HouseHunter' took 0.994
[2019.01.26-17.12.12:113][  0]LogSlate: Updating window title bar state: overlay mode, drag disabled, window buttons hidden, title bar hidden
[2019.01.26-17.12.12:129][  0]LogSlate: Updating window title bar state: overlay mode, drag disabled, window buttons hidden, title bar hidden
[2019.01.26-17.12.12:142][  0]LogSlate: Updating window title bar state: overlay mode, drag disabled, window buttons hidden, title bar hidden
[2019.01.26-17.12.12:156][  0]LogSlate: Updating window title bar state: overlay mode, drag disabled, window buttons hidden, title bar hidden
[2019.01.26-17.12.12:164][  0]LogCollectionManager: Loaded 0 collections in 0.002275 seconds
[2019.01.26-17.12.12:207][  0]LogFileCache: Scanning file cache for directory 'C:/Users/Sound/Documents/Unreal Projects/house-hunter/HouseHunter/Saved/Collections/' took 0.01s
[2019.01.26-17.12.12:207][  0]LogFileCache: Scanning file cache for directory 'C:/Users/Sound/Documents/Unreal Projects/house-hunter/HouseHunter/Content/Developers/Sound/Collections/' took 0.01s
[2019.01.26-17.12.12:207][  0]LogFileCache: Scanning file cache for directory 'C:/Users/Sound/Documents/Unreal Projects/house-hunter/HouseHunter/Content/Collections/' took 0.01s
[2019.01.26-17.12.12:207][  0]LogCollectionManager: Rebuilt the GUID cache for 0 collections in 0.000001 seconds
[2019.01.26-17.12.12:224][  0]LogContentBrowser: Native class hierarchy populated in 0.0169 seconds. Added 2651 classes and 620 folders.
[2019.01.26-17.12.12:233][  0]LogContentBrowser: Native class hierarchy updated for 'WidgetCarousel' in 0.0005 seconds. Added 0 classes and 0 folders.
[2019.01.26-17.12.12:235][  0]LogPakFile: Registered encryption key '00000000000000000000000000000000': 0 pak files mounted, 0 remain pending
[2019.01.26-17.12.12:237][  0]LogPakFile: Registered encryption key '00000000000000000000000000000000': 0 pak files mounted, 0 remain pending
[2019.01.26-17.12.12:238][  0]LogPakFile: Registered encryption key '00000000000000000000000000000000': 0 pak files mounted, 0 remain pending
[2019.01.26-17.12.12:238][  0]LogPakFile: Registered encryption key '00000000000000000000000000000000': 0 pak files mounted, 0 remain pending
[2019.01.26-17.12.12:239][  0]LogPakFile: Registered encryption key '00000000000000000000000000000000': 0 pak files mounted, 0 remain pending
[2019.01.26-17.12.12:240][  0]LogPakFile: Registered encryption key '00000000000000000000000000000000': 0 pak files mounted, 0 remain pending
[2019.01.26-17.12.12:240][  0]LogPakFile: Registered encryption key '00000000000000000000000000000000': 0 pak files mounted, 0 remain pending
[2019.01.26-17.12.12:241][  0]LogPakFile: Registered encryption key '00000000000000000000000000000000': 0 pak files mounted, 0 remain pending
[2019.01.26-17.12.12:242][  0]LogPakFile: Registered encryption key '00000000000000000000000000000000': 0 pak files mounted, 0 remain pending
[2019.01.26-17.12.12:242][  0]LogPakFile: Registered encryption key '00000000000000000000000000000000': 0 pak files mounted, 0 remain pending
[2019.01.26-17.12.12:243][  0]LogPakFile: Registered encryption key '00000000000000000000000000000000': 0 pak files mounted, 0 remain pending
[2019.01.26-17.12.12:244][  0]LogPakFile: Registered encryption key '00000000000000000000000000000000': 0 pak files mounted, 0 remain pending
[2019.01.26-17.12.12:245][  0]LogPakFile: Registered encryption key '00000000000000000000000000000000': 0 pak files mounted, 0 remain pending
[2019.01.26-17.12.12:245][  0]LogPakFile: Registered encryption key '00000000000000000000000000000000': 0 pak files mounted, 0 remain pending
[2019.01.26-17.12.12:246][  0]LogPakFile: Registered encryption key '00000000000000000000000000000000': 0 pak files mounted, 0 remain pending
[2019.01.26-17.12.12:247][  0]LogPakFile: Registered encryption key '00000000000000000000000000000000': 0 pak files mounted, 0 remain pending
[2019.01.26-17.12.12:248][  0]LogPakFile: Registered encryption key '00000000000000000000000000000000': 0 pak files mounted, 0 remain pending
[2019.01.26-17.12.12:249][  0]LogPakFile: Registered encryption key '00000000000000000000000000000000': 0 pak files mounted, 0 remain pending
[2019.01.26-17.12.12:249][  0]LogPakFile: Registered encryption key '00000000000000000000000000000000': 0 pak files mounted, 0 remain pending
[2019.01.26-17.12.12:250][  0]LogPakFile: Registered encryption key '00000000000000000000000000000000': 0 pak files mounted, 0 remain pending
[2019.01.26-17.12.12:251][  0]LogPakFile: Registered encryption key '00000000000000000000000000000000': 0 pak files mounted, 0 remain pending
[2019.01.26-17.12.12:252][  0]LogPakFile: Registered encryption key '00000000000000000000000000000000': 0 pak files mounted, 0 remain pending
[2019.01.26-17.12.12:253][  0]LogPakFile: Registered encryption key '00000000000000000000000000000000': 0 pak files mounted, 0 remain pending
[2019.01.26-17.12.12:254][  0]LogPakFile: Registered encryption key '00000000000000000000000000000000': 0 pak files mounted, 0 remain pending
[2019.01.26-17.12.12:255][  0]LogPakFile: Registered encryption key '00000000000000000000000000000000': 0 pak files mounted, 0 remain pending
[2019.01.26-17.12.12:256][  0]LogPakFile: Registered encryption key '00000000000000000000000000000000': 0 pak files mounted, 0 remain pending
[2019.01.26-17.12.12:294][  0]LogContentBrowser: Native class hierarchy updated for 'AddContentDialog' in 0.0004 seconds. Added 0 classes and 0 folders.
[2019.01.26-17.12.12:302][  0]LogContentBrowser: Native class hierarchy updated for 'SceneOutliner' in 0.0004 seconds. Added 1 classes and 2 folders.
[2019.01.26-17.12.12:421][  0]LogSlate: Took 0.000217 seconds to synchronously load lazily loaded font '../../../Engine/Content/Slate/Fonts/Roboto-Regular.ttf' (155K)
[2019.01.26-17.12.12:424][  0]LogSlate: Took 0.000261 seconds to synchronously load lazily loaded font '../../../Engine/Content/Slate/Fonts/Roboto-Bold.ttf' (160K)
[2019.01.26-17.12.12:432][  0]LogSlate: Took 0.000257 seconds to synchronously load lazily loaded font '../../../Engine/Content/Editor/Slate/Fonts/FontAwesome.ttf' (139K)
[2019.01.26-17.12.12:597][  0]LogRenderer: Reallocating scene render targets to support 964x436 Format 10 NumSamples 1 (Frame:1).
[2019.01.26-17.12.17:776][  0]LogShaderCompilers: Display: Shaders left to compile 137
[2019.01.26-17.12.17:776][  0]LogShaderCompilers: Display: Shaders left to compile 127
[2019.01.26-17.12.17:776][  0]LogShaderCompilers: Display: Shaders left to compile 117
[2019.01.26-17.12.17:776][  0]LogShaderCompilers: Display: Shaders left to compile 107
[2019.01.26-17.12.17:776][  0]LogShaderCompilers: Display: Shaders left to compile 97
[2019.01.26-17.12.17:794][  0]LogContentBrowser: Native class hierarchy updated for 'HierarchicalLODOutliner' in 0.0004 seconds. Added 0 classes and 0 folders.
[2019.01.26-17.12.17:794][  0]LogLoad: (Engine Initialization) Total time: 15.27 seconds
[2019.01.26-17.12.17:794][  0]LogLoad: (Engine Initialization) Total Blueprint compile time: 0.00 seconds
[2019.01.26-17.12.17:816][  0]LogWindowsTextInputMethodSystem: Display: IME system now deactivated.
[2019.01.26-17.12.17:884][  0]LogContentStreaming: Texture pool size now 1000 MB
[2019.01.26-17.12.17:886][  0]LogSlate: FSceneViewport::OnFocusLost() reason 2
[2019.01.26-17.12.18:357][  3]LogAssetRegistry: Asset discovery search completed in 11.9488 seconds
[2019.01.26-17.12.18:360][  3]LogCollectionManager: Rebuilt the object cache for 0 collections in 0.000000 seconds (found 0 objects)
[2019.01.26-17.12.18:360][  3]LogCollectionManager: Fixed up redirectors for 0 collections in 0.000089 seconds (updated 0 objects)
[2019.01.26-17.12.18:871][ 25]LogSlate: Took 0.000250 seconds to synchronously load lazily loaded font '../../../Engine/Content/Slate/Fonts/Roboto-Light.ttf' (167K)
[2019.01.26-17.12.21:845][182]LogShaderCompilers: Display: Shaders left to compile 87
[2019.01.26-17.12.35:953][924]LogShaderCompilers: Display: Shaders left to compile 77
[2019.01.26-17.12.36:673][962]LogShaderCompilers: Display: Shaders left to compile 67
[2019.01.26-17.12.43:088][299]LogShaderCompilers: Display: Shaders left to compile 57
[2019.01.26-17.12.48:473][584]LogShaderCompilers: Display: Shaders left to compile 47
[2019.01.26-17.12.55:392][954]LogShaderCompilers: Display: Shaders left to compile 37
[2019.01.26-17.12.59:466][ 49]LogShaderCompilers: Display: Shaders left to compile 27
[2019.01.26-17.13.04:302][309]LogShaderCompilers: Display: Shaders left to compile 17
[2019.01.26-17.13.12:409][744]LogSlate: Window 'Message Log' being destroyed
[2019.01.26-17.13.12:417][744]LogSlate: Window 'Message Log' being destroyed
[2019.01.26-17.13.12:690][760]LogShaderCompilers: Display: Shaders left to compile 7
[2019.01.26-17.13.15:447][770]LogSlate: FSceneViewport::OnFocusLost() reason 0
[2019.01.26-17.13.15:447][770]LogTemp: Repeating last play command: Selected Viewport
[2019.01.26-17.13.15:474][770]LogBlueprintUserMessages: Early PlayInEditor Detection: Level '/Game/SideScrollerBP/Maps/HouseHunter.HouseHunter:PersistentLevel' has LevelScriptBlueprint '/Game/SideScrollerBP/Maps/HouseHunter.HouseHunter:PersistentLevel.HouseHunter' with GeneratedClass '/Game/SideScrollerBP/Maps/HouseHunter.HouseHunter_C' with ClassGeneratedBy '/Game/SideScrollerBP/Maps/HouseHunter.HouseHunter:PersistentLevel.HouseHunter'
[2019.01.26-17.13.15:474][770]LogPlayLevel: PlayLevel: No blueprints needed recompiling
[2019.01.26-17.13.15:474][770]PIE: New page: PIE session: HouseHunter (Jan 26, 2019, 7:13:15 AM)
[2019.01.26-17.13.15:487][770]LogPlayLevel: Creating play world package: /Game/SideScrollerBP/Maps/UEDPIE_0_HouseHunter
[2019.01.26-17.13.15:530][770]LogPlayLevel: PIE: StaticDuplicateObject took: (0.042739s)
[2019.01.26-17.13.15:531][770]LogAIModule: Creating AISystem for world HouseHunter
[2019.01.26-17.13.15:531][770]LogPlayLevel: PIE: World Init took: (0.000860s)
[2019.01.26-17.13.15:531][770]LogPlayLevel: PIE: Created PIE world by copying editor world from /Game/SideScrollerBP/Maps/HouseHunter.HouseHunter to /Game/SideScrollerBP/Maps/UEDPIE_0_HouseHunter.HouseHunter (0.044014s)
[2019.01.26-17.13.15:570][770]LogInit: XAudio2 using 'Speakers (Realtek High Definition Audio)' : 2 channels at 48 kHz using 32 bits per sample (channel mask 0x3)
[2019.01.26-17.13.15:588][770]LogInit: FAudioDevice initialized.
[2019.01.26-17.13.15:666][770]LogLoad: Game class is 'SideScrollerGameMode_C'
[2019.01.26-17.13.15:672][770]LogWorld: Bringing World /Game/SideScrollerBP/Maps/UEDPIE_0_HouseHunter.HouseHunter up for play (max tick rate 60) at 2019.01.26-12.13.15
[2019.01.26-17.13.15:673][770]LogWorld: Bringing up level for play took: 0.004328
[2019.01.26-17.13.15:698][770]LogContentBrowser: Native class hierarchy updated for 'MovieSceneCapture' in 0.0006 seconds. Added 20 classes and 0 folders.
[2019.01.26-17.13.15:699][770]LogSlate: New Slate User Created.  User Index 1, Is Virtual User: 0
[2019.01.26-17.13.15:699][770]LogSlate: Slate User Registered.  User Index 1, Is Virtual User: 0
[2019.01.26-17.13.15:706][770]PIE: Play in editor start time for /Game/SideScrollerBP/Maps/UEDPIE_0_HouseHunter -0.356
[2019.01.26-17.13.15:706][770]LogBlueprintUserMessages: Late PlayInEditor Detection: Level '/Game/SideScrollerBP/Maps/HouseHunter.HouseHunter:PersistentLevel' has LevelScriptBlueprint '/Game/SideScrollerBP/Maps/HouseHunter.HouseHunter:PersistentLevel.HouseHunter' with GeneratedClass '/Game/SideScrollerBP/Maps/HouseHunter.HouseHunter_C' with ClassGeneratedBy '/Game/SideScrollerBP/Maps/HouseHunter.HouseHunter:PersistentLevel.HouseHunter'
[2019.01.26-17.13.17:094][847]LogBlueprintUserMessages: Early EndPlayMap Detection: Level '/Game/SideScrollerBP/Maps/HouseHunter.HouseHunter:PersistentLevel' has LevelScriptBlueprint '/Game/SideScrollerBP/Maps/HouseHunter.HouseHunter:PersistentLevel.HouseHunter' with GeneratedClass '/Game/SideScrollerBP/Maps/HouseHunter.HouseHunter_C' with ClassGeneratedBy '/Game/SideScrollerBP/Maps/HouseHunter.HouseHunter:PersistentLevel.HouseHunter'
[2019.01.26-17.13.17:095][847]LogSlate: Updating window title bar state: overlay mode, drag disabled, window buttons hidden, title bar hidden
[2019.01.26-17.13.17:143][847]LogPlayLevel: Display: Shutting down PIE online subsystems
[2019.01.26-17.13.17:143][847]LogBlueprintUserMessages: Late EndPlayMap Detection: Level '/Game/SideScrollerBP/Maps/HouseHunter.HouseHunter:PersistentLevel' has LevelScriptBlueprint '/Game/SideScrollerBP/Maps/HouseHunter.HouseHunter:PersistentLevel.HouseHunter' with GeneratedClass '/Game/SideScrollerBP/Maps/HouseHunter.HouseHunter_C' with ClassGeneratedBy '/Game/SideScrollerBP/Maps/HouseHunter.HouseHunter:PersistentLevel.HouseHunter'
[2019.01.26-17.13.17:181][847]LogSlate: Updating window title bar state: overlay mode, drag disabled, window buttons hidden, title bar hidden
[2019.01.26-17.13.17:205][848]LogPlayLevel: Display: Destroying online subsystem :Context_2
[2019.01.26-17.13.30:320][390]LogAIModule: Creating AISystem for world MainMenu
[2019.01.26-17.13.30:327][390]LogAssetEditorManager: Opening Asset editor for World /Game/Levels/MainMenu/MainMenu.MainMenu
[2019.01.26-17.13.30:354][390]Cmd: MAP LOAD FILE="../../../../../../Users/Sound/Documents/Unreal Projects/house-hunter/HouseHunter/Content/Levels/MainMenu/MainMenu.umap" TEMPLATE=0 SHOWPROGRESS=1 FEATURELEVEL=3
[2019.01.26-17.13.30:354][390]LightingResults: New page: Lighting Build
[2019.01.26-17.13.30:355][390]LoadErrors: New page: Loading map: MainMenu.umap
[2019.01.26-17.13.30:356][390]MapCheck: New page: Map Check
[2019.01.26-17.13.30:356][390]LightingResults: New page: Lighting Build
[2019.01.26-17.13.30:456][390]LogEditorServer: Finished looking for orphan Actors (0.000 secs)
[2019.01.26-17.13.30:523][390]Cmd: MAP CHECKDEP NOCLEARLOG
[2019.01.26-17.13.30:527][390]MapCheck: Map check complete: 0 Error(s), 0 Warning(s), took 3.328ms to complete.
[2019.01.26-17.13.30:527][390]LogFileHelpers: Loading map 'MainMenu' took 0.173
[2019.01.26-17.13.34:999][653]LogAssetEditorManager: Opening Asset editor for WidgetBlueprint /Game/Levels/MainMenu/UI/MainMenu.MainMenu
[2019.01.26-17.13.35:653][653]LogContentBrowser: Native class hierarchy updated for 'BlueprintGraph' in 0.0010 seconds. Added 117 classes and 0 folders.
[2019.01.26-17.13.36:580][653]LogSlate: Took 0.000176 seconds to synchronously load lazily loaded font '../../../Engine/Content/Slate/Fonts/Roboto-BoldCondensed.ttf' (158K)
[2019.01.26-17.13.59:740][987]LogTemp: Repeating last play command: Selected Viewport
[2019.01.26-17.13.59:773][987]LogBlueprintUserMessages: Early PlayInEditor Detection: Level '/Game/Levels/MainMenu/MainMenu.MainMenu:PersistentLevel' has LevelScriptBlueprint '/Game/Levels/MainMenu/MainMenu.MainMenu:PersistentLevel.MainMenu' with GeneratedClass '/Game/Levels/MainMenu/MainMenu.MainMenu_C' with ClassGeneratedBy '/Game/Levels/MainMenu/MainMenu.MainMenu:PersistentLevel.MainMenu'
[2019.01.26-17.13.59:773][987]BlueprintLog: New page: Pre-Play auto-recompile
[2019.01.26-17.13.59:779][987]LogPlayLevel: [PlayLevel] Compiling MainMenu before play...
[2019.01.26-17.13.59:954][987]LogPlayLevel: PlayLevel: Blueprint regeneration took 181 ms (1 blueprints)
[2019.01.26-17.13.59:954][987]PIE: New page: PIE session: MainMenu (Jan 26, 2019, 7:13:59 AM)
[2019.01.26-17.13.59:954][987]LogPlayLevel: Creating play world package: /Game/Levels/MainMenu/UEDPIE_0_MainMenu
[2019.01.26-17.13.59:956][987]LogPlayLevel: PIE: StaticDuplicateObject took: (0.001015s)
[2019.01.26-17.13.59:956][987]LogAIModule: Creating AISystem for world MainMenu
[2019.01.26-17.13.59:956][987]LogPlayLevel: PIE: World Init took: (0.000641s)
[2019.01.26-17.13.59:956][987]LogPlayLevel: PIE: Created PIE world by copying editor world from /Game/Levels/MainMenu/MainMenu.MainMenu to /Game/Levels/MainMenu/UEDPIE_0_MainMenu.MainMenu (0.001971s)
[2019.01.26-17.13.59:992][987]LogInit: XAudio2 using 'Speakers (Realtek High Definition Audio)' : 2 channels at 48 kHz using 32 bits per sample (channel mask 0x3)
[2019.01.26-17.14.00:008][987]LogInit: FAudioDevice initialized.
[2019.01.26-17.14.00:045][987]LogLoad: Game class is 'MainMenuGameMode_C'
[2019.01.26-17.14.00:046][987]LogWorld: Bringing World /Game/Levels/MainMenu/UEDPIE_0_MainMenu.MainMenu up for play (max tick rate 60) at 2019.01.26-12.14.00
[2019.01.26-17.14.00:046][987]LogWorld: Bringing up level for play took: 0.000543
[2019.01.26-17.14.00:061][987]PIE: Play in editor start time for /Game/Levels/MainMenu/UEDPIE_0_MainMenu -0.001
[2019.01.26-17.14.00:061][987]LogBlueprintUserMessages: Late PlayInEditor Detection: Level '/Game/Levels/MainMenu/MainMenu.MainMenu:PersistentLevel' has LevelScriptBlueprint '/Game/Levels/MainMenu/MainMenu.MainMenu:PersistentLevel.MainMenu' with GeneratedClass '/Game/Levels/MainMenu/MainMenu.MainMenu_C' with ClassGeneratedBy '/Game/Levels/MainMenu/MainMenu.MainMenu:PersistentLevel.MainMenu'
[2019.01.26-17.14.02:307][119]LogSlate: Window 'MainMenu*' being destroyed
[2019.01.26-17.14.03:702][199]LogNet: Browse: /Game/SideScrollerBP/Maps/HouseHunter
[2019.01.26-17.14.03:702][199]LogLoad: LoadMap: /Game/SideScrollerBP/Maps/HouseHunter
[2019.01.26-17.14.03:741][199]LogLinker: Warning: Can't find file '/Game/SideScrollerBP/Maps/HouseHunter_BuiltData'
[2019.01.26-17.14.03:741][199]LogLinker: Warning: Can't find file for asset '/Game/SideScrollerBP/Maps/HouseHunter_BuiltData' while loading ../../../../../../Users/Sound/Documents/Unreal Projects/house-hunter/HouseHunter/Content/SideScrollerBP/Maps/HouseHunter.umap.
[2019.01.26-17.14.03:741][199]LoadErrors: Error: /Game/SideScrollerBP/Maps/HouseHunter : Can't find file for asset. /Game/SideScrollerBP/Maps/HouseHunter_BuiltData
[2019.01.26-17.14.03:742][199]LogLinker: Warning: Can't find file '/Game/SideScrollerBP/Maps/HouseHunter_BuiltData'
[2019.01.26-17.14.03:743][199]LogLinker: Warning: Can't find file for asset '/Game/SideScrollerBP/Maps/HouseHunter_BuiltData' while loading ../../../../../../Users/Sound/Documents/Unreal Projects/house-hunter/HouseHunter/Content/SideScrollerBP/Maps/HouseHunter.umap.
[2019.01.26-17.14.03:744][199]LogLinker: Warning: Can't find file '/Game/SideScrollerBP/Maps/HouseHunter_BuiltData'
[2019.01.26-17.14.03:744][199]LogLinker: Warning: Can't find file for asset '/Game/SideScrollerBP/Maps/HouseHunter_BuiltData' while loading NULL.
[2019.01.26-17.14.03:744][199]LogLinker: Warning: Can't find file '/Game/SideScrollerBP/Maps/HouseHunter_BuiltData'
[2019.01.26-17.14.03:745][199]LogLinker: Warning: Can't find file for asset '/Game/SideScrollerBP/Maps/HouseHunter_BuiltData' while loading NULL.
[2019.01.26-17.14.03:754][199]LogLinker: Warning: Can't find file '/Game/SideScrollerBP/Maps/HouseHunter_BuiltData'
[2019.01.26-17.14.03:754][199]LoadErrors: Failed to load /Game/SideScrollerBP/Maps/HouseHunter_BuiltData.HouseHunter_BuiltData Referenced by PersistentLevel
[2019.01.26-17.14.03:754][199]LogLinker: Warning: Can't find file for asset '/Game/SideScrollerBP/Maps/HouseHunter_BuiltData' while loading NULL.
[2019.01.26-17.14.03:773][199]LogAIModule: Creating AISystem for world HouseHunter
[2019.01.26-17.14.03:773][199]LogLoad: Game class is 'SideScrollerGameMode_C'
[2019.01.26-17.14.03:780][199]LogWorld: Bringing World /Game/SideScrollerBP/Maps/UEDPIE_0_HouseHunter.HouseHunter up for play (max tick rate 60) at 2019.01.26-12.14.03
[2019.01.26-17.14.03:780][199]LogWorld: Bringing up level for play took: 0.006488
[2019.01.26-17.14.03:784][199]LogLoad: Took 0.081599 seconds to LoadMap(/Game/SideScrollerBP/Maps/HouseHunter)
[2019.01.26-17.14.05:824][318]LogBlueprintUserMessages: Early EndPlayMap Detection: Level '/Game/Levels/MainMenu/MainMenu.MainMenu:PersistentLevel' has LevelScriptBlueprint '/Game/Levels/MainMenu/MainMenu.MainMenu:PersistentLevel.MainMenu' with GeneratedClass '/Game/Levels/MainMenu/MainMenu.MainMenu_C' with ClassGeneratedBy '/Game/Levels/MainMenu/MainMenu.MainMenu:PersistentLevel.MainMenu'
[2019.01.26-17.14.05:826][318]LogSlate: Updating window title bar state: overlay mode, drag disabled, window buttons hidden, title bar hidden
[2019.01.26-17.14.05:872][318]LogPlayLevel: Display: Shutting down PIE online subsystems
[2019.01.26-17.14.05:872][318]LogBlueprintUserMessages: Late EndPlayMap Detection: Level '/Game/Levels/MainMenu/MainMenu.MainMenu:PersistentLevel' has LevelScriptBlueprint '/Game/Levels/MainMenu/MainMenu.MainMenu:PersistentLevel.MainMenu' with GeneratedClass '/Game/Levels/MainMenu/MainMenu.MainMenu_C' with ClassGeneratedBy '/Game/Levels/MainMenu/MainMenu.MainMenu:PersistentLevel.MainMenu'
[2019.01.26-17.14.05:908][318]LogSlate: Updating window title bar state: overlay mode, drag disabled, window buttons hidden, title bar hidden
[2019.01.26-17.14.05:937][320]LogPlayLevel: Display: Destroying online subsystem :Context_6
[2019.01.26-17.14.49:051][903]LogAssetEditorManager: Opening Asset editor for WidgetBlueprint /Game/Levels/MainMenu/UI/MainMenu.MainMenu
[2019.01.26-17.14.52:953][ 98]LogSlate: Window 'MainMenu*' being destroyed
[2019.01.26-17.14.59:705][501]LogTemp: Repeating last play command: Selected Viewport
[2019.01.26-17.14.59:735][501]LogBlueprintUserMessages: Early PlayInEditor Detection: Level '/Game/Levels/MainMenu/MainMenu.MainMenu:PersistentLevel' has LevelScriptBlueprint '/Game/Levels/MainMenu/MainMenu.MainMenu:PersistentLevel.MainMenu' with GeneratedClass '/Game/Levels/MainMenu/MainMenu.MainMenu_C' with ClassGeneratedBy '/Game/Levels/MainMenu/MainMenu.MainMenu:PersistentLevel.MainMenu'
[2019.01.26-17.14.59:736][501]LogPlayLevel: PlayLevel: No blueprints needed recompiling
[2019.01.26-17.14.59:736][501]PIE: New page: PIE session: MainMenu (Jan 26, 2019, 7:14:59 AM)
[2019.01.26-17.14.59:736][501]LogPlayLevel: Creating play world package: /Game/Levels/MainMenu/UEDPIE_0_MainMenu
[2019.01.26-17.14.59:737][501]LogPlayLevel: PIE: StaticDuplicateObject took: (0.000826s)
[2019.01.26-17.14.59:737][501]LogAIModule: Creating AISystem for world MainMenu
[2019.01.26-17.14.59:737][501]LogPlayLevel: PIE: World Init took: (0.000595s)
[2019.01.26-17.14.59:737][501]LogPlayLevel: PIE: Created PIE world by copying editor world from /Game/Levels/MainMenu/MainMenu.MainMenu to /Game/Levels/MainMenu/UEDPIE_0_MainMenu.MainMenu (0.001568s)
[2019.01.26-17.14.59:772][501]LogInit: XAudio2 using 'Speakers (Realtek High Definition Audio)' : 2 channels at 48 kHz using 32 bits per sample (channel mask 0x3)
[2019.01.26-17.14.59:785][501]LogInit: FAudioDevice initialized.
[2019.01.26-17.14.59:792][501]LogSlate: Updating window title bar state: overlay mode, drag disabled, window buttons hidden, title bar hidden
[2019.01.26-17.14.59:861][501]LogLoad: Game class is 'MainMenuGameMode_C'
[2019.01.26-17.14.59:861][501]LogWorld: Bringing World /Game/Levels/MainMenu/UEDPIE_0_MainMenu.MainMenu up for play (max tick rate 60) at 2019.01.26-12.14.59
[2019.01.26-17.14.59:862][501]LogWorld: Bringing up level for play took: 0.000339
[2019.01.26-17.14.59:873][501]LogGameMode: FindPlayerStart: PATHS NOT DEFINED or NO PLAYERSTART with positive rating
[2019.01.26-17.14.59:879][501]PIE: Play in editor start time for /Game/Levels/MainMenu/UEDPIE_0_MainMenu -0.183
[2019.01.26-17.14.59:879][501]LogBlueprintUserMessages: Late PlayInEditor Detection: Level '/Game/Levels/MainMenu/MainMenu.MainMenu:PersistentLevel' has LevelScriptBlueprint '/Game/Levels/MainMenu/MainMenu.MainMenu:PersistentLevel.MainMenu' with GeneratedClass '/Game/Levels/MainMenu/MainMenu.MainMenu_C' with ClassGeneratedBy '/Game/Levels/MainMenu/MainMenu.MainMenu:PersistentLevel.MainMenu'
[2019.01.26-17.14.59:891][501]LogRenderer: Reallocating scene render targets to support 1024x576 Format 10 NumSamples 1 (Frame:1).
[2019.01.26-17.15.04:631][784]LogNet: Browse: /Game/SideScrollerBP/Maps/HouseHunter
[2019.01.26-17.15.04:631][784]LogLoad: LoadMap: /Game/SideScrollerBP/Maps/HouseHunter
[2019.01.26-17.15.04:675][784]LogLinker: Warning: Can't find file '/Game/SideScrollerBP/Maps/HouseHunter_BuiltData'
[2019.01.26-17.15.04:675][784]LogLinker: Warning: Can't find file for asset '/Game/SideScrollerBP/Maps/HouseHunter_BuiltData' while loading ../../../../../../Users/Sound/Documents/Unreal Projects/house-hunter/HouseHunter/Content/SideScrollerBP/Maps/HouseHunter.umap.
[2019.01.26-17.15.04:677][784]LogLinker: Warning: Can't find file '/Game/SideScrollerBP/Maps/HouseHunter_BuiltData'
[2019.01.26-17.15.04:677][784]LogLinker: Warning: Can't find file for asset '/Game/SideScrollerBP/Maps/HouseHunter_BuiltData' while loading ../../../../../../Users/Sound/Documents/Unreal Projects/house-hunter/HouseHunter/Content/SideScrollerBP/Maps/HouseHunter.umap.
[2019.01.26-17.15.04:679][784]LogLinker: Warning: Can't find file '/Game/SideScrollerBP/Maps/HouseHunter_BuiltData'
[2019.01.26-17.15.04:679][784]LogLinker: Warning: Can't find file for asset '/Game/SideScrollerBP/Maps/HouseHunter_BuiltData' while loading NULL.
[2019.01.26-17.15.04:679][784]LogLinker: Warning: Can't find file '/Game/SideScrollerBP/Maps/HouseHunter_BuiltData'
[2019.01.26-17.15.04:679][784]LogLinker: Warning: Can't find file for asset '/Game/SideScrollerBP/Maps/HouseHunter_BuiltData' while loading NULL.
[2019.01.26-17.15.04:689][784]LogLinker: Warning: Can't find file '/Game/SideScrollerBP/Maps/HouseHunter_BuiltData'
[2019.01.26-17.15.04:689][784]LogLinker: Warning: Can't find file for asset '/Game/SideScrollerBP/Maps/HouseHunter_BuiltData' while loading NULL.
[2019.01.26-17.15.04:708][784]LogAIModule: Creating AISystem for world HouseHunter
[2019.01.26-17.15.04:709][784]LogLoad: Game class is 'SideScrollerGameMode_C'
[2019.01.26-17.15.04:716][784]LogWorld: Bringing World /Game/SideScrollerBP/Maps/UEDPIE_0_HouseHunter.HouseHunter up for play (max tick rate 60) at 2019.01.26-12.15.04
[2019.01.26-17.15.04:716][784]LogWorld: Bringing up level for play took: 0.006746
[2019.01.26-17.15.04:720][784]LogLoad: Took 0.088503 seconds to LoadMap(/Game/SideScrollerBP/Maps/HouseHunter)
[2019.01.26-17.15.20:757][620]LogBlueprintUserMessages: Early EndPlayMap Detection: Level '/Game/Levels/MainMenu/MainMenu.MainMenu:PersistentLevel' has LevelScriptBlueprint '/Game/Levels/MainMenu/MainMenu.MainMenu:PersistentLevel.MainMenu' with GeneratedClass '/Game/Levels/MainMenu/MainMenu.MainMenu_C' with ClassGeneratedBy '/Game/Levels/MainMenu/MainMenu.MainMenu:PersistentLevel.MainMenu'
[2019.01.26-17.15.20:757][620]LogSlate: Updating window title bar state: overlay mode, drag disabled, window buttons hidden, title bar hidden
[2019.01.26-17.15.20:792][620]LogSlate: Window 'HouseHunter Game Preview Standalone (64-bit/PCD3D_SM5)' being destroyed
[2019.01.26-17.15.20:831][620]LogPlayLevel: Display: Shutting down PIE online subsystems
[2019.01.26-17.15.20:831][620]LogBlueprintUserMessages: Late EndPlayMap Detection: Level '/Game/Levels/MainMenu/MainMenu.MainMenu:PersistentLevel' has LevelScriptBlueprint '/Game/Levels/MainMenu/MainMenu.MainMenu:PersistentLevel.MainMenu' with GeneratedClass '/Game/Levels/MainMenu/MainMenu.MainMenu_C' with ClassGeneratedBy '/Game/Levels/MainMenu/MainMenu.MainMenu:PersistentLevel.MainMenu'
[2019.01.26-17.15.20:895][621]LogPlayLevel: Display: Destroying online subsystem :Context_9
[2019.01.26-17.15.23:029][749]BlueprintLog: New page: Compile MainMenu
[2019.01.26-17.15.24:344][825]BlueprintLog: New page: Compile MainMenu
[2019.01.26-17.15.26:042][920]LogSavePackage: Moving '../../../../../../Users/Sound/Documents/Unreal Projects/house-hunter/HouseHunter/Saved/MainMenu3FB86A104DA6880921828A919D25025C.tmp' to '../../../../../../Users/Sound/Documents/Unreal Projects/house-hunter/HouseHunter/Content/Levels/MainMenu/UI/MainMenu.uasset'
[2019.01.26-17.15.27:115][984]BlueprintLog: New page: Compile MainMenu
[2019.01.26-17.23.57:641][548]LogFileHelpers: Editor autosave (incl. sublevels) for '/Game/Levels/MainMenu/MainMenu' took 0.056
[2019.01.26-17.36.58:147][891]LogSlate: Window 'Pick Parent Class' being destroyed
[2019.01.26-17.37.07:744][464]LogAssetEditorManager: Opening Asset editor for Blueprint /Game/Components/HealthComponent.HealthComponent
[2019.01.26-17.37.28:353][680]BlueprintLog: New page: Compile HealthComponent
[2019.01.26-17.37.39:008][313]LogSlate: Took 0.000344 seconds to synchronously load lazily loaded font '../../../Engine/Content/Slate/Fonts/Roboto-BoldCondensedItalic.ttf' (160K)
[2019.01.26-17.37.44:536][643]BlueprintLog: New page: Compile HealthComponent
[2019.01.26-17.37.47:365][806]LogSavePackage: Moving '../../../../../../Users/Sound/Documents/Unreal Projects/house-hunter/HouseHunter/Saved/HealthComponent58BE0999449B3C2F761BE4B982F8C45A.tmp' to '../../../../../../Users/Sound/Documents/Unreal Projects/house-hunter/HouseHunter/Content/Components/HealthComponent.uasset'
[2019.01.26-17.37.56:900][378]BlueprintLog: New page: Compile HealthComponent
[2019.01.26-17.37.58:716][480]LogSavePackage: Moving '../../../../../../Users/Sound/Documents/Unreal Projects/house-hunter/HouseHunter/Saved/HealthComponent5C5D9BAB4AED8476FEE9508ECF001380.tmp' to '../../../../../../Users/Sound/Documents/Unreal Projects/house-hunter/HouseHunter/Content/Components/HealthComponent.uasset'
[2019.01.26-17.38.05:894][909]BlueprintLog: New page: Compile HealthComponent
[2019.01.26-17.38.06:791][958]LogSavePackage: Moving '../../../../../../Users/Sound/Documents/Unreal Projects/house-hunter/HouseHunter/Saved/HealthComponent56835EE0415D3ACCBE1C39A65E9CB8D7.tmp' to '../../../../../../Users/Sound/Documents/Unreal Projects/house-hunter/HouseHunter/Content/Components/HealthComponent.uasset'
[2019.01.26-17.38.17:427][592]BlueprintLog: New page: Compile HealthComponent
[2019.01.26-17.38.52:367][676]BlueprintLog: New page: Compile HealthComponent
[2019.01.26-17.39.16:548][109]BlueprintLog: New page: Compile HealthComponent
[2019.01.26-17.39.19:047][255]BlueprintLog: New page: Compile HealthComponent
[2019.01.26-17.40.21:473][984]BlueprintLog: New page: Compile HealthComponent
[2019.01.26-17.40.22:462][ 37]LogSavePackage: Moving '../../../../../../Users/Sound/Documents/Unreal Projects/house-hunter/HouseHunter/Saved/HealthComponent1D58204F480DA6933B0F7C9492368F29.tmp' to '../../../../../../Users/Sound/Documents/Unreal Projects/house-hunter/HouseHunter/Content/Components/HealthComponent.uasset'
[2019.01.26-17.40.59:028][225]LogSavePackage: Moving '../../../../../../Users/Sound/Documents/Unreal Projects/house-hunter/HouseHunter/Saved/HealthComponent4A44DB9B4F286C3DD63D3FAAECC1BACA.tmp' to '../../../../../../Users/Sound/Documents/Unreal Projects/house-hunter/HouseHunter/Content/Components/HealthComponent.uasset'
[2019.01.26-17.41.34:032][322]LogSavePackage: Moving '../../../../../../Users/Sound/Documents/Unreal Projects/house-hunter/HouseHunter/Saved/HealthComponent1B2F152C4E1F5728280608A9965ABAAA.tmp' to '../../../../../../Users/Sound/Documents/Unreal Projects/house-hunter/HouseHunter/Content/Components/HealthComponent.uasset'
[2019.01.26-17.42.09:474][442]BlueprintLog: New page: Compile HealthComponent
[2019.01.26-17.42.11:450][554]LogSavePackage: Moving '../../../../../../Users/Sound/Documents/Unreal Projects/house-hunter/HouseHunter/Saved/HealthComponent9EB5BC0C483D2FF3DEC3C4B1D03520E3.tmp' to '../../../../../../Users/Sound/Documents/Unreal Projects/house-hunter/HouseHunter/Content/Components/HealthComponent.uasset'
[2019.01.26-17.42.53:480][ 71]BlueprintLog: New page: Compile HealthComponent
[2019.01.26-17.42.55:673][194]LogSavePackage: Moving '../../../../../../Users/Sound/Documents/Unreal Projects/house-hunter/HouseHunter/Saved/HealthComponentB86A54F14FEB6C67A414B69030CD9840.tmp' to '../../../../../../Users/Sound/Documents/Unreal Projects/house-hunter/HouseHunter/Content/Components/HealthComponent.uasset'
[2019.01.26-17.43.22:982][542]BlueprintLog: New page: Compile HealthComponent
[2019.01.26-17.43.25:335][676]LogSavePackage: Moving '../../../../../../Users/Sound/Documents/Unreal Projects/house-hunter/HouseHunter/Saved/HealthComponentF14316374F78F32F57B24EACC7F370B1.tmp' to '../../../../../../Users/Sound/Documents/Unreal Projects/house-hunter/HouseHunter/Content/Components/HealthComponent.uasset'
[2019.01.26-17.43.33:664][170]BlueprintLog: New page: Compile HealthComponent
[2019.01.26-17.44.37:480][972]BlueprintLog: New page: Compile HealthComponent
[2019.01.26-17.44.38:457][ 26]BlueprintLog: New page: Compile HealthComponent
[2019.01.26-17.45.12:746][ 77]BlueprintLog: New page: Compile HealthComponent
[2019.01.26-17.45.29:017][ 42]BlueprintLog: New page: Compile HealthComponent
[2019.01.26-17.45.30:102][100]LogSavePackage: Moving '../../../../../../Users/Sound/Documents/Unreal Projects/house-hunter/HouseHunter/Saved/HealthComponent1866B84A411DC363DEF256AFF01C3F3C.tmp' to '../../../../../../Users/Sound/Documents/Unreal Projects/house-hunter/HouseHunter/Content/Components/HealthComponent.uasset'
